mode: set
github.com/visionik/sogcli/cmd/sog/main.go:16.13,28.16 4 0
github.com/visionik/sogcli/cmd/sog/main.go:28.16,31.3 2 0
github.com/visionik/sogcli/internal/caldav/client.go:56.43,60.16 3 0
github.com/visionik/sogcli/internal/caldav/client.go:60.16,62.3 1 0
github.com/visionik/sogcli/internal/caldav/client.go:64.2,68.8 1 0
github.com/visionik/sogcli/internal/caldav/client.go:72.32,75.2 1 0
github.com/visionik/sogcli/internal/caldav/client.go:78.73,81.16 2 0
github.com/visionik/sogcli/internal/caldav/client.go:81.16,83.3 1 0
github.com/visionik/sogcli/internal/caldav/client.go:85.2,86.16 2 0
github.com/visionik/sogcli/internal/caldav/client.go:86.16,88.3 1 0
github.com/visionik/sogcli/internal/caldav/client.go:90.2,91.16 2 0
github.com/visionik/sogcli/internal/caldav/client.go:91.16,93.3 1 0
github.com/visionik/sogcli/internal/caldav/client.go:95.2,96.27 2 0
github.com/visionik/sogcli/internal/caldav/client.go:96.27,102.3 1 0
github.com/visionik/sogcli/internal/caldav/client.go:103.2,103.20 1 0
github.com/visionik/sogcli/internal/caldav/client.go:107.105,141.16 3 0
github.com/visionik/sogcli/internal/caldav/client.go:141.16,143.3 1 0
github.com/visionik/sogcli/internal/caldav/client.go:145.2,146.30 2 0
github.com/visionik/sogcli/internal/caldav/client.go:146.30,148.17 2 0
github.com/visionik/sogcli/internal/caldav/client.go:148.17,149.12 1 0
github.com/visionik/sogcli/internal/caldav/client.go:151.3,152.34 2 0
github.com/visionik/sogcli/internal/caldav/client.go:155.2,155.20 1 0
github.com/visionik/sogcli/internal/caldav/client.go:159.85,181.16 3 0
github.com/visionik/sogcli/internal/caldav/client.go:181.16,183.3 1 0
github.com/visionik/sogcli/internal/caldav/client.go:185.2,185.23 1 0
github.com/visionik/sogcli/internal/caldav/client.go:185.23,187.3 1 0
github.com/visionik/sogcli/internal/caldav/client.go:189.2,190.16 2 0
github.com/visionik/sogcli/internal/caldav/client.go:190.16,192.3 1 0
github.com/visionik/sogcli/internal/caldav/client.go:193.2,194.19 2 0
github.com/visionik/sogcli/internal/caldav/client.go:198.87,201.16 3 0
github.com/visionik/sogcli/internal/caldav/client.go:201.16,203.3 1 0
github.com/visionik/sogcli/internal/caldav/client.go:204.2,204.12 1 0
github.com/visionik/sogcli/internal/caldav/client.go:208.87,211.16 3 0
github.com/visionik/sogcli/internal/caldav/client.go:211.16,213.3 1 0
github.com/visionik/sogcli/internal/caldav/client.go:214.2,214.12 1 0
github.com/visionik/sogcli/internal/caldav/client.go:218.78,220.16 2 0
github.com/visionik/sogcli/internal/caldav/client.go:220.16,222.3 1 0
github.com/visionik/sogcli/internal/caldav/client.go:223.2,223.12 1 0
github.com/visionik/sogcli/internal/caldav/client.go:227.57,228.16 1 1
github.com/visionik/sogcli/internal/caldav/client.go:228.16,230.3 1 1
github.com/visionik/sogcli/internal/caldav/client.go:232.2,232.37 1 1
github.com/visionik/sogcli/internal/caldav/client.go:232.37,233.35 1 1
github.com/visionik/sogcli/internal/caldav/client.go:233.35,234.12 1 0
github.com/visionik/sogcli/internal/caldav/client.go:237.3,240.57 2 1
github.com/visionik/sogcli/internal/caldav/client.go:240.57,242.4 1 1
github.com/visionik/sogcli/internal/caldav/client.go:245.3,245.61 1 1
github.com/visionik/sogcli/internal/caldav/client.go:245.61,247.4 1 1
github.com/visionik/sogcli/internal/caldav/client.go:250.3,250.65 1 1
github.com/visionik/sogcli/internal/caldav/client.go:250.65,252.4 1 1
github.com/visionik/sogcli/internal/caldav/client.go:255.3,255.62 1 1
github.com/visionik/sogcli/internal/caldav/client.go:255.62,257.4 1 1
github.com/visionik/sogcli/internal/caldav/client.go:260.3,260.63 1 1
github.com/visionik/sogcli/internal/caldav/client.go:260.63,262.4 1 1
github.com/visionik/sogcli/internal/caldav/client.go:265.3,265.60 1 1
github.com/visionik/sogcli/internal/caldav/client.go:265.60,267.4 1 1
github.com/visionik/sogcli/internal/caldav/client.go:270.3,270.57 1 1
github.com/visionik/sogcli/internal/caldav/client.go:270.57,272.4 1 0
github.com/visionik/sogcli/internal/caldav/client.go:275.3,275.67 1 1
github.com/visionik/sogcli/internal/caldav/client.go:275.67,277.18 2 1
github.com/visionik/sogcli/internal/caldav/client.go:277.18,279.5 1 1
github.com/visionik/sogcli/internal/caldav/client.go:281.4,281.66 1 1
github.com/visionik/sogcli/internal/caldav/client.go:281.66,283.5 1 1
github.com/visionik/sogcli/internal/caldav/client.go:287.3,287.65 1 1
github.com/visionik/sogcli/internal/caldav/client.go:287.65,289.18 2 1
github.com/visionik/sogcli/internal/caldav/client.go:289.18,291.5 1 1
github.com/visionik/sogcli/internal/caldav/client.go:295.3,295.55 1 1
github.com/visionik/sogcli/internal/caldav/client.go:295.55,298.4 2 1
github.com/visionik/sogcli/internal/caldav/client.go:300.3,300.20 1 1
github.com/visionik/sogcli/internal/caldav/client.go:303.2,303.60 1 1
github.com/visionik/sogcli/internal/caldav/client.go:307.51,316.29 7 1
github.com/visionik/sogcli/internal/caldav/client.go:316.29,318.3 1 1
github.com/visionik/sogcli/internal/caldav/client.go:319.2,319.26 1 1
github.com/visionik/sogcli/internal/caldav/client.go:319.26,321.3 1 1
github.com/visionik/sogcli/internal/caldav/client.go:322.2,322.21 1 1
github.com/visionik/sogcli/internal/caldav/client.go:322.21,324.3 1 0
github.com/visionik/sogcli/internal/caldav/client.go:325.2,325.24 1 1
github.com/visionik/sogcli/internal/caldav/client.go:325.24,327.3 1 1
github.com/visionik/sogcli/internal/caldav/client.go:330.2,330.18 1 1
github.com/visionik/sogcli/internal/caldav/client.go:330.18,338.3 6 1
github.com/visionik/sogcli/internal/caldav/client.go:338.8,346.3 6 1
github.com/visionik/sogcli/internal/caldav/client.go:348.2,348.27 1 1
github.com/visionik/sogcli/internal/caldav/client.go:348.27,350.3 1 1
github.com/visionik/sogcli/internal/caldav/client.go:352.2,352.43 1 1
github.com/visionik/sogcli/internal/caldav/client.go:352.43,356.3 3 1
github.com/visionik/sogcli/internal/caldav/client.go:359.2,364.12 5 1
github.com/visionik/sogcli/internal/cli/auth.go:35.44,37.16 2 0
github.com/visionik/sogcli/internal/cli/auth.go:37.16,39.3 1 0
github.com/visionik/sogcli/internal/cli/auth.go:42.2,42.16 1 0
github.com/visionik/sogcli/internal/cli/auth.go:42.16,45.17 3 0
github.com/visionik/sogcli/internal/cli/auth.go:45.17,47.4 1 0
github.com/visionik/sogcli/internal/cli/auth.go:48.3,48.45 1 0
github.com/visionik/sogcli/internal/cli/auth.go:48.45,52.4 3 0
github.com/visionik/sogcli/internal/cli/auth.go:53.3,53.45 1 0
github.com/visionik/sogcli/internal/cli/auth.go:53.45,57.4 3 0
github.com/visionik/sogcli/internal/cli/auth.go:61.2,61.22 1 0
github.com/visionik/sogcli/internal/cli/auth.go:61.22,63.3 1 0
github.com/visionik/sogcli/internal/cli/auth.go:64.2,64.22 1 0
github.com/visionik/sogcli/internal/cli/auth.go:64.22,66.3 1 0
github.com/visionik/sogcli/internal/cli/auth.go:69.2,69.22 1 0
github.com/visionik/sogcli/internal/cli/auth.go:69.22,71.3 1 0
github.com/visionik/sogcli/internal/cli/auth.go:73.2,95.57 2 0
github.com/visionik/sogcli/internal/cli/auth.go:95.57,97.3 1 0
github.com/visionik/sogcli/internal/cli/auth.go:99.2,100.12 2 0
github.com/visionik/sogcli/internal/cli/auth.go:107.45,109.16 2 0
github.com/visionik/sogcli/internal/cli/auth.go:109.16,111.3 1 0
github.com/visionik/sogcli/internal/cli/auth.go:113.2,114.24 2 0
github.com/visionik/sogcli/internal/cli/auth.go:114.24,117.3 2 0
github.com/visionik/sogcli/internal/cli/auth.go:119.2,119.32 1 0
github.com/visionik/sogcli/internal/cli/auth.go:119.32,121.39 2 0
github.com/visionik/sogcli/internal/cli/auth.go:121.39,123.4 1 0
github.com/visionik/sogcli/internal/cli/auth.go:124.3,125.28 2 0
github.com/visionik/sogcli/internal/cli/auth.go:125.28,127.4 1 0
github.com/visionik/sogcli/internal/cli/auth.go:128.3,132.15 1 0
github.com/visionik/sogcli/internal/cli/auth.go:135.2,135.12 1 0
github.com/visionik/sogcli/internal/cli/auth.go:144.45,146.16 2 0
github.com/visionik/sogcli/internal/cli/auth.go:146.16,148.3 1 0
github.com/visionik/sogcli/internal/cli/auth.go:150.2,151.17 2 0
github.com/visionik/sogcli/internal/cli/auth.go:151.17,153.3 1 0
github.com/visionik/sogcli/internal/cli/auth.go:154.2,154.17 1 0
github.com/visionik/sogcli/internal/cli/auth.go:154.17,156.3 1 0
github.com/visionik/sogcli/internal/cli/auth.go:157.2,157.17 1 0
github.com/visionik/sogcli/internal/cli/auth.go:157.17,159.3 1 0
github.com/visionik/sogcli/internal/cli/auth.go:161.2,162.16 2 0
github.com/visionik/sogcli/internal/cli/auth.go:162.16,164.3 1 0
github.com/visionik/sogcli/internal/cli/auth.go:166.2,167.16 2 0
github.com/visionik/sogcli/internal/cli/auth.go:167.16,169.3 1 0
github.com/visionik/sogcli/internal/cli/auth.go:171.2,184.16 4 0
github.com/visionik/sogcli/internal/cli/auth.go:184.16,186.3 1 0
github.com/visionik/sogcli/internal/cli/auth.go:186.8,189.3 2 0
github.com/visionik/sogcli/internal/cli/auth.go:192.2,203.52 3 0
github.com/visionik/sogcli/internal/cli/auth.go:203.52,205.3 1 0
github.com/visionik/sogcli/internal/cli/auth.go:205.8,207.3 1 0
github.com/visionik/sogcli/internal/cli/auth.go:209.2,209.12 1 0
github.com/visionik/sogcli/internal/cli/auth.go:219.47,221.16 2 0
github.com/visionik/sogcli/internal/cli/auth.go:221.16,223.3 1 0
github.com/visionik/sogcli/internal/cli/auth.go:227.2,227.51 1 0
github.com/visionik/sogcli/internal/cli/auth.go:227.51,229.3 1 0
github.com/visionik/sogcli/internal/cli/auth.go:231.2,232.12 2 0
github.com/visionik/sogcli/internal/cli/cal.go:33.44,35.16 2 0
github.com/visionik/sogcli/internal/cli/cal.go:35.16,37.3 1 0
github.com/visionik/sogcli/internal/cli/cal.go:38.2,40.22 2 0
github.com/visionik/sogcli/internal/cli/cal.go:40.22,42.3 1 0
github.com/visionik/sogcli/internal/cli/cal.go:44.2,45.16 2 0
github.com/visionik/sogcli/internal/cli/cal.go:45.16,47.3 1 0
github.com/visionik/sogcli/internal/cli/cal.go:48.2,49.16 2 0
github.com/visionik/sogcli/internal/cli/cal.go:49.16,51.3 1 0
github.com/visionik/sogcli/internal/cli/cal.go:53.2,55.16 3 0
github.com/visionik/sogcli/internal/cli/cal.go:55.16,57.3 1 0
github.com/visionik/sogcli/internal/cli/cal.go:59.2,59.22 1 0
github.com/visionik/sogcli/internal/cli/cal.go:59.22,62.3 2 0
github.com/visionik/sogcli/internal/cli/cal.go:65.2,65.38 1 0
github.com/visionik/sogcli/internal/cli/cal.go:65.38,67.3 1 0
github.com/visionik/sogcli/internal/cli/cal.go:69.2,69.15 1 0
github.com/visionik/sogcli/internal/cli/cal.go:69.15,71.3 1 0
github.com/visionik/sogcli/internal/cli/cal.go:73.2,73.34 1 0
github.com/visionik/sogcli/internal/cli/cal.go:82.45,89.2 2 0
github.com/visionik/sogcli/internal/cli/cal.go:97.44,104.2 2 0
github.com/visionik/sogcli/internal/cli/cal.go:113.43,115.16 2 0
github.com/visionik/sogcli/internal/cli/cal.go:115.16,117.3 1 0
github.com/visionik/sogcli/internal/cli/cal.go:118.2,120.22 2 0
github.com/visionik/sogcli/internal/cli/cal.go:120.22,122.3 1 0
github.com/visionik/sogcli/internal/cli/cal.go:124.2,126.16 3 0
github.com/visionik/sogcli/internal/cli/cal.go:126.16,128.3 1 0
github.com/visionik/sogcli/internal/cli/cal.go:130.2,130.15 1 0
github.com/visionik/sogcli/internal/cli/cal.go:130.15,132.3 1 0
github.com/visionik/sogcli/internal/cli/cal.go:134.2,134.33 1 0
github.com/visionik/sogcli/internal/cli/cal.go:150.46,152.16 2 0
github.com/visionik/sogcli/internal/cli/cal.go:152.16,154.3 1 0
github.com/visionik/sogcli/internal/cli/cal.go:155.2,157.22 2 0
github.com/visionik/sogcli/internal/cli/cal.go:157.22,159.3 1 0
github.com/visionik/sogcli/internal/cli/cal.go:161.2,162.16 2 0
github.com/visionik/sogcli/internal/cli/cal.go:162.16,164.3 1 0
github.com/visionik/sogcli/internal/cli/cal.go:166.2,167.17 2 0
github.com/visionik/sogcli/internal/cli/cal.go:167.17,169.17 2 0
github.com/visionik/sogcli/internal/cli/cal.go:169.17,171.4 1 0
github.com/visionik/sogcli/internal/cli/cal.go:172.8,172.29 1 0
github.com/visionik/sogcli/internal/cli/cal.go:172.29,174.17 2 0
github.com/visionik/sogcli/internal/cli/cal.go:174.17,176.4 1 0
github.com/visionik/sogcli/internal/cli/cal.go:177.3,177.23 1 0
github.com/visionik/sogcli/internal/cli/cal.go:178.8,178.19 1 0
github.com/visionik/sogcli/internal/cli/cal.go:178.19,180.3 1 0
github.com/visionik/sogcli/internal/cli/cal.go:180.8,182.3 1 0
github.com/visionik/sogcli/internal/cli/cal.go:184.2,196.64 3 0
github.com/visionik/sogcli/internal/cli/cal.go:196.64,198.3 1 0
github.com/visionik/sogcli/internal/cli/cal.go:200.2,200.15 1 0
github.com/visionik/sogcli/internal/cli/cal.go:200.15,202.3 1 0
github.com/visionik/sogcli/internal/cli/cal.go:204.2,205.12 2 0
github.com/visionik/sogcli/internal/cli/cal.go:215.46,217.16 2 0
github.com/visionik/sogcli/internal/cli/cal.go:217.16,219.3 1 0
github.com/visionik/sogcli/internal/cli/cal.go:220.2,222.22 2 0
github.com/visionik/sogcli/internal/cli/cal.go:222.22,224.3 1 0
github.com/visionik/sogcli/internal/cli/cal.go:226.2,227.64 2 0
github.com/visionik/sogcli/internal/cli/cal.go:227.64,229.3 1 0
github.com/visionik/sogcli/internal/cli/cal.go:231.2,232.12 2 0
github.com/visionik/sogcli/internal/cli/cal.go:239.49,241.16 2 0
github.com/visionik/sogcli/internal/cli/cal.go:241.16,243.3 1 0
github.com/visionik/sogcli/internal/cli/cal.go:244.2,248.16 4 0
github.com/visionik/sogcli/internal/cli/cal.go:248.16,250.3 1 0
github.com/visionik/sogcli/internal/cli/cal.go:252.2,252.25 1 0
github.com/visionik/sogcli/internal/cli/cal.go:252.25,255.3 2 0
github.com/visionik/sogcli/internal/cli/cal.go:257.2,257.15 1 0
github.com/visionik/sogcli/internal/cli/cal.go:257.15,259.3 1 0
github.com/visionik/sogcli/internal/cli/cal.go:261.2,262.32 2 0
github.com/visionik/sogcli/internal/cli/cal.go:262.32,264.3 1 0
github.com/visionik/sogcli/internal/cli/cal.go:265.2,265.12 1 0
github.com/visionik/sogcli/internal/cli/cal.go:269.66,271.16 2 0
github.com/visionik/sogcli/internal/cli/cal.go:271.16,273.3 1 0
github.com/visionik/sogcli/internal/cli/cal.go:275.2,276.17 2 0
github.com/visionik/sogcli/internal/cli/cal.go:276.17,278.3 1 0
github.com/visionik/sogcli/internal/cli/cal.go:279.2,279.17 1 0
github.com/visionik/sogcli/internal/cli/cal.go:279.17,281.3 1 0
github.com/visionik/sogcli/internal/cli/cal.go:283.2,284.16 2 0
github.com/visionik/sogcli/internal/cli/cal.go:284.16,286.3 1 0
github.com/visionik/sogcli/internal/cli/cal.go:288.2,288.27 1 0
github.com/visionik/sogcli/internal/cli/cal.go:288.27,290.3 1 0
github.com/visionik/sogcli/internal/cli/cal.go:292.2,293.16 2 0
github.com/visionik/sogcli/internal/cli/cal.go:293.16,295.3 1 0
github.com/visionik/sogcli/internal/cli/cal.go:297.2,302.16 2 0
github.com/visionik/sogcli/internal/cli/cal.go:302.16,304.3 1 0
github.com/visionik/sogcli/internal/cli/cal.go:306.2,306.49 1 0
github.com/visionik/sogcli/internal/cli/cal.go:310.45,314.28 3 0
github.com/visionik/sogcli/internal/cli/cal.go:315.15,316.20 1 0
github.com/visionik/sogcli/internal/cli/cal.go:317.18,318.37 1 0
github.com/visionik/sogcli/internal/cli/cal.go:319.19,320.38 1 0
github.com/visionik/sogcli/internal/cli/cal.go:324.2,324.60 1 0
github.com/visionik/sogcli/internal/cli/cal.go:324.60,326.57 2 0
github.com/visionik/sogcli/internal/cli/cal.go:326.57,328.4 1 0
github.com/visionik/sogcli/internal/cli/cal.go:332.2,333.16 2 0
github.com/visionik/sogcli/internal/cli/cal.go:333.16,335.3 1 0
github.com/visionik/sogcli/internal/cli/cal.go:336.2,336.15 1 0
github.com/visionik/sogcli/internal/cli/cal.go:340.55,343.16 2 0
github.com/visionik/sogcli/internal/cli/cal.go:343.16,345.3 1 0
github.com/visionik/sogcli/internal/cli/cal.go:348.2,349.16 2 0
github.com/visionik/sogcli/internal/cli/cal.go:349.16,351.3 1 0
github.com/visionik/sogcli/internal/cli/cal.go:353.2,353.110 1 0
github.com/visionik/sogcli/internal/cli/cal.go:357.27,359.2 1 0
github.com/visionik/sogcli/internal/cli/cal.go:362.52,363.27 1 0
github.com/visionik/sogcli/internal/cli/cal.go:363.27,366.3 1 0
github.com/visionik/sogcli/internal/cli/cal.go:367.2,367.12 1 0
github.com/visionik/sogcli/internal/cli/cal.go:371.53,373.27 2 0
github.com/visionik/sogcli/internal/cli/cal.go:373.27,376.15 3 0
github.com/visionik/sogcli/internal/cli/cal.go:376.15,379.4 2 0
github.com/visionik/sogcli/internal/cli/cal.go:379.9,382.24 3 0
github.com/visionik/sogcli/internal/cli/cal.go:382.24,384.5 1 0
github.com/visionik/sogcli/internal/cli/cal.go:384.10,386.5 1 0
github.com/visionik/sogcli/internal/cli/cal.go:388.3,389.24 2 0
github.com/visionik/sogcli/internal/cli/cal.go:389.24,391.4 1 0
github.com/visionik/sogcli/internal/cli/cal.go:392.3,392.70 1 0
github.com/visionik/sogcli/internal/cli/cal.go:394.2,394.12 1 0
github.com/visionik/sogcli/internal/cli/cal.go:398.51,401.18 3 0
github.com/visionik/sogcli/internal/cli/cal.go:401.18,403.3 1 0
github.com/visionik/sogcli/internal/cli/cal.go:403.8,407.3 3 0
github.com/visionik/sogcli/internal/cli/cal.go:408.2,408.26 1 0
github.com/visionik/sogcli/internal/cli/cal.go:408.26,410.3 1 0
github.com/visionik/sogcli/internal/cli/cal.go:411.2,411.29 1 0
github.com/visionik/sogcli/internal/cli/cal.go:411.29,413.3 1 0
github.com/visionik/sogcli/internal/cli/cal.go:414.2,414.27 1 0
github.com/visionik/sogcli/internal/cli/cal.go:414.27,416.3 1 0
github.com/visionik/sogcli/internal/cli/cal.go:417.2,417.30 1 0
github.com/visionik/sogcli/internal/cli/cal.go:417.30,419.3 1 0
github.com/visionik/sogcli/internal/cli/cal.go:420.2,420.24 1 0
github.com/visionik/sogcli/internal/cli/cal.go:420.24,422.3 1 0
github.com/visionik/sogcli/internal/cli/cal.go:423.2,423.12 1 0
github.com/visionik/sogcli/internal/cli/cal.go:427.61,428.30 1 0
github.com/visionik/sogcli/internal/cli/cal.go:428.30,430.3 1 0
github.com/visionik/sogcli/internal/cli/cal.go:431.2,431.12 1 0
github.com/visionik/sogcli/internal/cli/drafts.go:24.47,26.16 2 0
github.com/visionik/sogcli/internal/cli/drafts.go:26.16,28.3 1 0
github.com/visionik/sogcli/internal/cli/drafts.go:30.2,31.17 2 0
github.com/visionik/sogcli/internal/cli/drafts.go:31.17,33.3 1 0
github.com/visionik/sogcli/internal/cli/drafts.go:34.2,34.17 1 0
github.com/visionik/sogcli/internal/cli/drafts.go:34.17,36.3 1 0
github.com/visionik/sogcli/internal/cli/drafts.go:38.2,39.16 2 0
github.com/visionik/sogcli/internal/cli/drafts.go:39.16,41.3 1 0
github.com/visionik/sogcli/internal/cli/drafts.go:43.2,44.16 2 0
github.com/visionik/sogcli/internal/cli/drafts.go:44.16,46.3 1 0
github.com/visionik/sogcli/internal/cli/drafts.go:48.2,57.16 2 0
github.com/visionik/sogcli/internal/cli/drafts.go:57.16,59.3 1 0
github.com/visionik/sogcli/internal/cli/drafts.go:60.2,63.16 3 0
github.com/visionik/sogcli/internal/cli/drafts.go:63.16,65.3 1 0
github.com/visionik/sogcli/internal/cli/drafts.go:67.2,67.22 1 0
github.com/visionik/sogcli/internal/cli/drafts.go:67.22,70.3 2 0
github.com/visionik/sogcli/internal/cli/drafts.go:72.2,73.27 2 0
github.com/visionik/sogcli/internal/cli/drafts.go:73.27,75.19 2 0
github.com/visionik/sogcli/internal/cli/drafts.go:75.19,77.4 1 0
github.com/visionik/sogcli/internal/cli/drafts.go:78.3,79.24 2 0
github.com/visionik/sogcli/internal/cli/drafts.go:79.24,81.4 1 0
github.com/visionik/sogcli/internal/cli/drafts.go:82.3,82.66 1 0
github.com/visionik/sogcli/internal/cli/drafts.go:85.2,85.12 1 0
github.com/visionik/sogcli/internal/cli/drafts.go:97.49,99.16 2 0
github.com/visionik/sogcli/internal/cli/drafts.go:99.16,101.3 1 0
github.com/visionik/sogcli/internal/cli/drafts.go:103.2,104.17 2 0
github.com/visionik/sogcli/internal/cli/drafts.go:104.17,106.3 1 0
github.com/visionik/sogcli/internal/cli/drafts.go:107.2,107.17 1 0
github.com/visionik/sogcli/internal/cli/drafts.go:107.17,109.3 1 0
github.com/visionik/sogcli/internal/cli/drafts.go:111.2,112.16 2 0
github.com/visionik/sogcli/internal/cli/drafts.go:112.16,114.3 1 0
github.com/visionik/sogcli/internal/cli/drafts.go:116.2,117.16 2 0
github.com/visionik/sogcli/internal/cli/drafts.go:117.16,119.3 1 0
github.com/visionik/sogcli/internal/cli/drafts.go:121.2,130.16 2 0
github.com/visionik/sogcli/internal/cli/drafts.go:130.16,132.3 1 0
github.com/visionik/sogcli/internal/cli/drafts.go:133.2,146.16 5 0
github.com/visionik/sogcli/internal/cli/drafts.go:146.16,148.3 1 0
github.com/visionik/sogcli/internal/cli/drafts.go:150.2,150.13 1 0
github.com/visionik/sogcli/internal/cli/drafts.go:150.13,152.3 1 0
github.com/visionik/sogcli/internal/cli/drafts.go:152.8,154.3 1 0
github.com/visionik/sogcli/internal/cli/drafts.go:155.2,155.12 1 0
github.com/visionik/sogcli/internal/cli/drafts.go:164.47,168.2 2 0
github.com/visionik/sogcli/internal/cli/drafts.go:176.49,178.16 2 0
github.com/visionik/sogcli/internal/cli/drafts.go:178.16,180.3 1 0
github.com/visionik/sogcli/internal/cli/drafts.go:182.2,183.17 2 0
github.com/visionik/sogcli/internal/cli/drafts.go:183.17,185.3 1 0
github.com/visionik/sogcli/internal/cli/drafts.go:186.2,186.17 1 0
github.com/visionik/sogcli/internal/cli/drafts.go:186.17,188.3 1 0
github.com/visionik/sogcli/internal/cli/drafts.go:190.2,191.16 2 0
github.com/visionik/sogcli/internal/cli/drafts.go:191.16,193.3 1 0
github.com/visionik/sogcli/internal/cli/drafts.go:195.2,196.16 2 0
github.com/visionik/sogcli/internal/cli/drafts.go:196.16,198.3 1 0
github.com/visionik/sogcli/internal/cli/drafts.go:200.2,209.16 2 0
github.com/visionik/sogcli/internal/cli/drafts.go:209.16,211.3 1 0
github.com/visionik/sogcli/internal/cli/drafts.go:212.2,214.50 2 0
github.com/visionik/sogcli/internal/cli/drafts.go:214.50,216.3 1 0
github.com/visionik/sogcli/internal/cli/drafts.go:218.2,219.12 2 0
github.com/visionik/sogcli/internal/cli/folders.go:22.48,24.16 2 0
github.com/visionik/sogcli/internal/cli/folders.go:24.16,26.3 1 0
github.com/visionik/sogcli/internal/cli/folders.go:28.2,29.17 2 0
github.com/visionik/sogcli/internal/cli/folders.go:29.17,31.3 1 0
github.com/visionik/sogcli/internal/cli/folders.go:32.2,32.17 1 0
github.com/visionik/sogcli/internal/cli/folders.go:32.17,34.3 1 0
github.com/visionik/sogcli/internal/cli/folders.go:36.2,37.16 2 0
github.com/visionik/sogcli/internal/cli/folders.go:37.16,39.3 1 0
github.com/visionik/sogcli/internal/cli/folders.go:41.2,42.16 2 0
github.com/visionik/sogcli/internal/cli/folders.go:42.16,44.3 1 0
github.com/visionik/sogcli/internal/cli/folders.go:46.2,55.16 2 0
github.com/visionik/sogcli/internal/cli/folders.go:55.16,57.3 1 0
github.com/visionik/sogcli/internal/cli/folders.go:58.2,61.16 3 0
github.com/visionik/sogcli/internal/cli/folders.go:61.16,63.3 1 0
github.com/visionik/sogcli/internal/cli/folders.go:65.2,65.28 1 0
github.com/visionik/sogcli/internal/cli/folders.go:65.28,67.3 1 0
github.com/visionik/sogcli/internal/cli/folders.go:68.2,68.12 1 0
github.com/visionik/sogcli/internal/cli/folders.go:77.50,79.16 2 0
github.com/visionik/sogcli/internal/cli/folders.go:79.16,81.3 1 0
github.com/visionik/sogcli/internal/cli/folders.go:83.2,84.17 2 0
github.com/visionik/sogcli/internal/cli/folders.go:84.17,86.3 1 0
github.com/visionik/sogcli/internal/cli/folders.go:87.2,87.17 1 0
github.com/visionik/sogcli/internal/cli/folders.go:87.17,89.3 1 0
github.com/visionik/sogcli/internal/cli/folders.go:91.2,92.16 2 0
github.com/visionik/sogcli/internal/cli/folders.go:92.16,94.3 1 0
github.com/visionik/sogcli/internal/cli/folders.go:96.2,97.16 2 0
github.com/visionik/sogcli/internal/cli/folders.go:97.16,99.3 1 0
github.com/visionik/sogcli/internal/cli/folders.go:101.2,110.16 2 0
github.com/visionik/sogcli/internal/cli/folders.go:110.16,112.3 1 0
github.com/visionik/sogcli/internal/cli/folders.go:113.2,115.52 2 0
github.com/visionik/sogcli/internal/cli/folders.go:115.52,117.3 1 0
github.com/visionik/sogcli/internal/cli/folders.go:119.2,120.12 2 0
github.com/visionik/sogcli/internal/cli/folders.go:130.50,132.16 2 0
github.com/visionik/sogcli/internal/cli/folders.go:132.16,134.3 1 0
github.com/visionik/sogcli/internal/cli/folders.go:136.2,137.17 2 0
github.com/visionik/sogcli/internal/cli/folders.go:137.17,139.3 1 0
github.com/visionik/sogcli/internal/cli/folders.go:140.2,140.17 1 0
github.com/visionik/sogcli/internal/cli/folders.go:140.17,142.3 1 0
github.com/visionik/sogcli/internal/cli/folders.go:144.2,145.16 2 0
github.com/visionik/sogcli/internal/cli/folders.go:145.16,147.3 1 0
github.com/visionik/sogcli/internal/cli/folders.go:149.2,150.16 2 0
github.com/visionik/sogcli/internal/cli/folders.go:150.16,152.3 1 0
github.com/visionik/sogcli/internal/cli/folders.go:154.2,163.16 2 0
github.com/visionik/sogcli/internal/cli/folders.go:163.16,165.3 1 0
github.com/visionik/sogcli/internal/cli/folders.go:166.2,170.52 2 0
github.com/visionik/sogcli/internal/cli/folders.go:170.52,172.3 1 0
github.com/visionik/sogcli/internal/cli/folders.go:174.2,175.12 2 0
github.com/visionik/sogcli/internal/cli/folders.go:185.50,187.16 2 0
github.com/visionik/sogcli/internal/cli/folders.go:187.16,189.3 1 0
github.com/visionik/sogcli/internal/cli/folders.go:191.2,192.17 2 0
github.com/visionik/sogcli/internal/cli/folders.go:192.17,194.3 1 0
github.com/visionik/sogcli/internal/cli/folders.go:195.2,195.17 1 0
github.com/visionik/sogcli/internal/cli/folders.go:195.17,197.3 1 0
github.com/visionik/sogcli/internal/cli/folders.go:199.2,200.16 2 0
github.com/visionik/sogcli/internal/cli/folders.go:200.16,202.3 1 0
github.com/visionik/sogcli/internal/cli/folders.go:204.2,205.16 2 0
github.com/visionik/sogcli/internal/cli/folders.go:205.16,207.3 1 0
github.com/visionik/sogcli/internal/cli/folders.go:209.2,218.16 2 0
github.com/visionik/sogcli/internal/cli/folders.go:218.16,220.3 1 0
github.com/visionik/sogcli/internal/cli/folders.go:221.2,223.58 2 0
github.com/visionik/sogcli/internal/cli/folders.go:223.58,225.3 1 0
github.com/visionik/sogcli/internal/cli/folders.go:227.2,228.12 2 0
github.com/visionik/sogcli/internal/cli/idle.go:21.41,23.16 2 0
github.com/visionik/sogcli/internal/cli/idle.go:23.16,25.3 1 0
github.com/visionik/sogcli/internal/cli/idle.go:27.2,28.17 2 0
github.com/visionik/sogcli/internal/cli/idle.go:28.17,30.3 1 0
github.com/visionik/sogcli/internal/cli/idle.go:31.2,31.17 1 0
github.com/visionik/sogcli/internal/cli/idle.go:31.17,33.3 1 0
github.com/visionik/sogcli/internal/cli/idle.go:35.2,36.16 2 0
github.com/visionik/sogcli/internal/cli/idle.go:36.16,38.3 1 0
github.com/visionik/sogcli/internal/cli/idle.go:40.2,41.16 2 0
github.com/visionik/sogcli/internal/cli/idle.go:41.16,43.3 1 0
github.com/visionik/sogcli/internal/cli/idle.go:45.2,54.16 2 0
github.com/visionik/sogcli/internal/cli/idle.go:54.16,56.3 1 0
github.com/visionik/sogcli/internal/cli/idle.go:57.2,65.12 5 0
github.com/visionik/sogcli/internal/cli/idle.go:65.12,70.3 4 0
github.com/visionik/sogcli/internal/cli/idle.go:73.2,73.50 1 0
github.com/visionik/sogcli/internal/cli/idle.go:73.50,76.19 2 0
github.com/visionik/sogcli/internal/cli/idle.go:76.19,81.4 4 0
github.com/visionik/sogcli/internal/cli/idle.go:84.2,84.16 1 0
github.com/visionik/sogcli/internal/cli/idle.go:84.16,86.3 1 0
github.com/visionik/sogcli/internal/cli/idle.go:88.2,88.12 1 0
github.com/visionik/sogcli/internal/cli/mail.go:37.45,39.16 2 0
github.com/visionik/sogcli/internal/cli/mail.go:39.16,41.3 1 0
github.com/visionik/sogcli/internal/cli/mail.go:43.2,44.17 2 0
github.com/visionik/sogcli/internal/cli/mail.go:44.17,46.3 1 0
github.com/visionik/sogcli/internal/cli/mail.go:47.2,47.17 1 0
github.com/visionik/sogcli/internal/cli/mail.go:47.17,49.3 1 0
github.com/visionik/sogcli/internal/cli/mail.go:51.2,52.16 2 0
github.com/visionik/sogcli/internal/cli/mail.go:52.16,54.3 1 0
github.com/visionik/sogcli/internal/cli/mail.go:56.2,57.16 2 0
github.com/visionik/sogcli/internal/cli/mail.go:57.16,59.3 1 0
github.com/visionik/sogcli/internal/cli/mail.go:61.2,70.16 2 0
github.com/visionik/sogcli/internal/cli/mail.go:70.16,72.3 1 0
github.com/visionik/sogcli/internal/cli/mail.go:73.2,76.16 3 0
github.com/visionik/sogcli/internal/cli/mail.go:76.16,78.3 1 0
github.com/visionik/sogcli/internal/cli/mail.go:80.2,80.24 1 0
github.com/visionik/sogcli/internal/cli/mail.go:80.24,83.3 2 0
github.com/visionik/sogcli/internal/cli/mail.go:86.2,86.15 1 0
github.com/visionik/sogcli/internal/cli/mail.go:86.15,88.30 1 0
github.com/visionik/sogcli/internal/cli/mail.go:88.30,91.4 1 0
github.com/visionik/sogcli/internal/cli/mail.go:92.8,94.30 2 0
github.com/visionik/sogcli/internal/cli/mail.go:94.30,96.15 2 0
github.com/visionik/sogcli/internal/cli/mail.go:96.15,98.5 1 0
github.com/visionik/sogcli/internal/cli/mail.go:99.4,100.22 2 0
github.com/visionik/sogcli/internal/cli/mail.go:100.22,102.5 1 0
github.com/visionik/sogcli/internal/cli/mail.go:103.4,104.25 2 0
github.com/visionik/sogcli/internal/cli/mail.go:104.25,106.5 1 0
github.com/visionik/sogcli/internal/cli/mail.go:107.4,107.79 1 0
github.com/visionik/sogcli/internal/cli/mail.go:111.2,111.12 1 0
github.com/visionik/sogcli/internal/cli/mail.go:123.44,125.16 2 0
github.com/visionik/sogcli/internal/cli/mail.go:125.16,127.3 1 0
github.com/visionik/sogcli/internal/cli/mail.go:129.2,130.17 2 0
github.com/visionik/sogcli/internal/cli/mail.go:130.17,132.3 1 0
github.com/visionik/sogcli/internal/cli/mail.go:133.2,133.17 1 0
github.com/visionik/sogcli/internal/cli/mail.go:133.17,135.3 1 0
github.com/visionik/sogcli/internal/cli/mail.go:137.2,138.16 2 0
github.com/visionik/sogcli/internal/cli/mail.go:138.16,140.3 1 0
github.com/visionik/sogcli/internal/cli/mail.go:142.2,143.16 2 0
github.com/visionik/sogcli/internal/cli/mail.go:143.16,145.3 1 0
github.com/visionik/sogcli/internal/cli/mail.go:147.2,156.16 2 0
github.com/visionik/sogcli/internal/cli/mail.go:156.16,158.3 1 0
github.com/visionik/sogcli/internal/cli/mail.go:159.2,162.16 3 0
github.com/visionik/sogcli/internal/cli/mail.go:162.16,164.3 1 0
github.com/visionik/sogcli/internal/cli/mail.go:166.2,166.15 1 0
github.com/visionik/sogcli/internal/cli/mail.go:166.15,169.3 1 0
github.com/visionik/sogcli/internal/cli/mail.go:169.8,173.35 4 0
github.com/visionik/sogcli/internal/cli/mail.go:173.35,176.4 2 0
github.com/visionik/sogcli/internal/cli/mail.go:179.2,179.12 1 0
github.com/visionik/sogcli/internal/cli/mail.go:190.47,192.16 2 0
github.com/visionik/sogcli/internal/cli/mail.go:192.16,194.3 1 0
github.com/visionik/sogcli/internal/cli/mail.go:196.2,197.17 2 0
github.com/visionik/sogcli/internal/cli/mail.go:197.17,199.3 1 0
github.com/visionik/sogcli/internal/cli/mail.go:200.2,200.17 1 0
github.com/visionik/sogcli/internal/cli/mail.go:200.17,202.3 1 0
github.com/visionik/sogcli/internal/cli/mail.go:204.2,205.16 2 0
github.com/visionik/sogcli/internal/cli/mail.go:205.16,207.3 1 0
github.com/visionik/sogcli/internal/cli/mail.go:209.2,210.16 2 0
github.com/visionik/sogcli/internal/cli/mail.go:210.16,212.3 1 0
github.com/visionik/sogcli/internal/cli/mail.go:214.2,223.16 2 0
github.com/visionik/sogcli/internal/cli/mail.go:223.16,225.3 1 0
github.com/visionik/sogcli/internal/cli/mail.go:226.2,229.16 3 0
github.com/visionik/sogcli/internal/cli/mail.go:229.16,231.3 1 0
github.com/visionik/sogcli/internal/cli/mail.go:233.2,233.24 1 0
github.com/visionik/sogcli/internal/cli/mail.go:233.24,236.3 2 0
github.com/visionik/sogcli/internal/cli/mail.go:238.2,238.15 1 0
github.com/visionik/sogcli/internal/cli/mail.go:238.15,239.30 1 0
github.com/visionik/sogcli/internal/cli/mail.go:239.30,242.4 1 0
github.com/visionik/sogcli/internal/cli/mail.go:243.8,245.30 2 0
github.com/visionik/sogcli/internal/cli/mail.go:245.30,247.15 2 0
github.com/visionik/sogcli/internal/cli/mail.go:247.15,249.5 1 0
github.com/visionik/sogcli/internal/cli/mail.go:250.4,251.22 2 0
github.com/visionik/sogcli/internal/cli/mail.go:251.22,253.5 1 0
github.com/visionik/sogcli/internal/cli/mail.go:254.4,255.25 2 0
github.com/visionik/sogcli/internal/cli/mail.go:255.25,257.5 1 0
github.com/visionik/sogcli/internal/cli/mail.go:258.4,258.79 1 0
github.com/visionik/sogcli/internal/cli/mail.go:262.2,262.12 1 0
github.com/visionik/sogcli/internal/cli/mail.go:276.45,278.16 2 0
github.com/visionik/sogcli/internal/cli/mail.go:278.16,280.3 1 0
github.com/visionik/sogcli/internal/cli/mail.go:282.2,283.17 2 0
github.com/visionik/sogcli/internal/cli/mail.go:283.17,285.3 1 0
github.com/visionik/sogcli/internal/cli/mail.go:286.2,286.17 1 0
github.com/visionik/sogcli/internal/cli/mail.go:286.17,288.3 1 0
github.com/visionik/sogcli/internal/cli/mail.go:290.2,291.16 2 0
github.com/visionik/sogcli/internal/cli/mail.go:291.16,293.3 1 0
github.com/visionik/sogcli/internal/cli/mail.go:295.2,296.16 2 0
github.com/visionik/sogcli/internal/cli/mail.go:296.16,298.3 1 0
github.com/visionik/sogcli/internal/cli/mail.go:301.2,302.22 2 0
github.com/visionik/sogcli/internal/cli/mail.go:302.22,304.24 2 0
github.com/visionik/sogcli/internal/cli/mail.go:304.24,306.4 1 0
github.com/visionik/sogcli/internal/cli/mail.go:306.9,308.4 1 0
github.com/visionik/sogcli/internal/cli/mail.go:309.3,309.17 1 0
github.com/visionik/sogcli/internal/cli/mail.go:309.17,311.4 1 0
github.com/visionik/sogcli/internal/cli/mail.go:312.3,312.22 1 0
github.com/visionik/sogcli/internal/cli/mail.go:315.2,315.16 1 0
github.com/visionik/sogcli/internal/cli/mail.go:315.16,317.3 1 0
github.com/visionik/sogcli/internal/cli/mail.go:320.2,346.45 6 0
github.com/visionik/sogcli/internal/cli/mail.go:346.45,348.3 1 0
github.com/visionik/sogcli/internal/cli/mail.go:350.2,351.12 2 0
github.com/visionik/sogcli/internal/cli/mail.go:355.41,356.13 1 1
github.com/visionik/sogcli/internal/cli/mail.go:356.13,358.3 1 1
github.com/visionik/sogcli/internal/cli/mail.go:359.2,361.26 3 1
github.com/visionik/sogcli/internal/cli/mail.go:361.26,363.14 2 1
github.com/visionik/sogcli/internal/cli/mail.go:363.14,365.4 1 1
github.com/visionik/sogcli/internal/cli/mail.go:367.2,367.15 1 1
github.com/visionik/sogcli/internal/cli/mail.go:378.45,380.16 2 0
github.com/visionik/sogcli/internal/cli/mail.go:380.16,382.3 1 0
github.com/visionik/sogcli/internal/cli/mail.go:384.2,385.17 2 0
github.com/visionik/sogcli/internal/cli/mail.go:385.17,387.3 1 0
github.com/visionik/sogcli/internal/cli/mail.go:388.2,388.17 1 0
github.com/visionik/sogcli/internal/cli/mail.go:388.17,390.3 1 0
github.com/visionik/sogcli/internal/cli/mail.go:392.2,393.16 2 0
github.com/visionik/sogcli/internal/cli/mail.go:393.16,395.3 1 0
github.com/visionik/sogcli/internal/cli/mail.go:397.2,398.16 2 0
github.com/visionik/sogcli/internal/cli/mail.go:398.16,400.3 1 0
github.com/visionik/sogcli/internal/cli/mail.go:402.2,411.16 2 0
github.com/visionik/sogcli/internal/cli/mail.go:411.16,413.3 1 0
github.com/visionik/sogcli/internal/cli/mail.go:414.2,416.68 2 0
github.com/visionik/sogcli/internal/cli/mail.go:416.68,418.3 1 0
github.com/visionik/sogcli/internal/cli/mail.go:420.2,421.12 2 0
github.com/visionik/sogcli/internal/cli/mail.go:432.45,434.16 2 0
github.com/visionik/sogcli/internal/cli/mail.go:434.16,436.3 1 0
github.com/visionik/sogcli/internal/cli/mail.go:438.2,439.17 2 0
github.com/visionik/sogcli/internal/cli/mail.go:439.17,441.3 1 0
github.com/visionik/sogcli/internal/cli/mail.go:442.2,442.17 1 0
github.com/visionik/sogcli/internal/cli/mail.go:442.17,444.3 1 0
github.com/visionik/sogcli/internal/cli/mail.go:446.2,447.16 2 0
github.com/visionik/sogcli/internal/cli/mail.go:447.16,449.3 1 0
github.com/visionik/sogcli/internal/cli/mail.go:451.2,452.16 2 0
github.com/visionik/sogcli/internal/cli/mail.go:452.16,454.3 1 0
github.com/visionik/sogcli/internal/cli/mail.go:456.2,465.16 2 0
github.com/visionik/sogcli/internal/cli/mail.go:465.16,467.3 1 0
github.com/visionik/sogcli/internal/cli/mail.go:468.2,470.68 2 0
github.com/visionik/sogcli/internal/cli/mail.go:470.68,472.3 1 0
github.com/visionik/sogcli/internal/cli/mail.go:474.2,475.12 2 0
github.com/visionik/sogcli/internal/cli/mail.go:486.45,488.16 2 0
github.com/visionik/sogcli/internal/cli/mail.go:488.16,490.3 1 0
github.com/visionik/sogcli/internal/cli/mail.go:492.2,493.17 2 0
github.com/visionik/sogcli/internal/cli/mail.go:493.17,495.3 1 0
github.com/visionik/sogcli/internal/cli/mail.go:496.2,496.17 1 0
github.com/visionik/sogcli/internal/cli/mail.go:496.17,498.3 1 0
github.com/visionik/sogcli/internal/cli/mail.go:500.2,501.16 2 0
github.com/visionik/sogcli/internal/cli/mail.go:501.16,503.3 1 0
github.com/visionik/sogcli/internal/cli/mail.go:505.2,506.16 2 0
github.com/visionik/sogcli/internal/cli/mail.go:506.16,508.3 1 0
github.com/visionik/sogcli/internal/cli/mail.go:510.2,519.16 2 0
github.com/visionik/sogcli/internal/cli/mail.go:519.16,521.3 1 0
github.com/visionik/sogcli/internal/cli/mail.go:522.2,524.70 2 0
github.com/visionik/sogcli/internal/cli/mail.go:524.70,526.3 1 0
github.com/visionik/sogcli/internal/cli/mail.go:528.2,529.12 2 0
github.com/visionik/sogcli/internal/cli/mail.go:540.47,542.16 2 0
github.com/visionik/sogcli/internal/cli/mail.go:542.16,544.3 1 0
github.com/visionik/sogcli/internal/cli/mail.go:546.2,547.17 2 0
github.com/visionik/sogcli/internal/cli/mail.go:547.17,549.3 1 0
github.com/visionik/sogcli/internal/cli/mail.go:550.2,550.17 1 0
github.com/visionik/sogcli/internal/cli/mail.go:550.17,552.3 1 0
github.com/visionik/sogcli/internal/cli/mail.go:554.2,555.16 2 0
github.com/visionik/sogcli/internal/cli/mail.go:555.16,557.3 1 0
github.com/visionik/sogcli/internal/cli/mail.go:559.2,560.16 2 0
github.com/visionik/sogcli/internal/cli/mail.go:560.16,562.3 1 0
github.com/visionik/sogcli/internal/cli/mail.go:564.2,573.16 2 0
github.com/visionik/sogcli/internal/cli/mail.go:573.16,575.3 1 0
github.com/visionik/sogcli/internal/cli/mail.go:576.2,578.71 2 0
github.com/visionik/sogcli/internal/cli/mail.go:578.71,580.3 1 0
github.com/visionik/sogcli/internal/cli/mail.go:582.2,583.12 2 0
github.com/visionik/sogcli/internal/cli/mail.go:593.47,595.16 2 0
github.com/visionik/sogcli/internal/cli/mail.go:595.16,597.3 1 0
github.com/visionik/sogcli/internal/cli/mail.go:599.2,600.17 2 0
github.com/visionik/sogcli/internal/cli/mail.go:600.17,602.3 1 0
github.com/visionik/sogcli/internal/cli/mail.go:603.2,603.17 1 0
github.com/visionik/sogcli/internal/cli/mail.go:603.17,605.3 1 0
github.com/visionik/sogcli/internal/cli/mail.go:607.2,608.16 2 0
github.com/visionik/sogcli/internal/cli/mail.go:608.16,610.3 1 0
github.com/visionik/sogcli/internal/cli/mail.go:612.2,613.16 2 0
github.com/visionik/sogcli/internal/cli/mail.go:613.16,615.3 1 0
github.com/visionik/sogcli/internal/cli/mail.go:617.2,626.16 2 0
github.com/visionik/sogcli/internal/cli/mail.go:626.16,628.3 1 0
github.com/visionik/sogcli/internal/cli/mail.go:629.2,633.62 2 0
github.com/visionik/sogcli/internal/cli/mail.go:633.62,635.3 1 0
github.com/visionik/sogcli/internal/cli/mail.go:637.2,638.12 2 0
github.com/visionik/sogcli/internal/cli/mail.go:650.46,652.16 2 0
github.com/visionik/sogcli/internal/cli/mail.go:652.16,654.3 1 0
github.com/visionik/sogcli/internal/cli/mail.go:656.2,657.17 2 0
github.com/visionik/sogcli/internal/cli/mail.go:657.17,659.3 1 0
github.com/visionik/sogcli/internal/cli/mail.go:660.2,660.17 1 0
github.com/visionik/sogcli/internal/cli/mail.go:660.17,662.3 1 0
github.com/visionik/sogcli/internal/cli/mail.go:664.2,665.16 2 0
github.com/visionik/sogcli/internal/cli/mail.go:665.16,667.3 1 0
github.com/visionik/sogcli/internal/cli/mail.go:669.2,670.16 2 0
github.com/visionik/sogcli/internal/cli/mail.go:670.16,672.3 1 0
github.com/visionik/sogcli/internal/cli/mail.go:675.2,684.16 2 0
github.com/visionik/sogcli/internal/cli/mail.go:684.16,686.3 1 0
github.com/visionik/sogcli/internal/cli/mail.go:687.2,690.16 3 0
github.com/visionik/sogcli/internal/cli/mail.go:690.16,692.3 1 0
github.com/visionik/sogcli/internal/cli/mail.go:695.2,697.57 3 0
github.com/visionik/sogcli/internal/cli/mail.go:697.57,699.3 1 0
github.com/visionik/sogcli/internal/cli/mail.go:702.2,720.45 3 0
github.com/visionik/sogcli/internal/cli/mail.go:720.45,722.3 1 0
github.com/visionik/sogcli/internal/cli/mail.go:725.2,728.12 3 0
github.com/visionik/sogcli/internal/cli/mail.go:740.48,742.16 2 0
github.com/visionik/sogcli/internal/cli/mail.go:742.16,744.3 1 0
github.com/visionik/sogcli/internal/cli/mail.go:746.2,747.17 2 0
github.com/visionik/sogcli/internal/cli/mail.go:747.17,749.3 1 0
github.com/visionik/sogcli/internal/cli/mail.go:750.2,750.17 1 0
github.com/visionik/sogcli/internal/cli/mail.go:750.17,752.3 1 0
github.com/visionik/sogcli/internal/cli/mail.go:754.2,755.16 2 0
github.com/visionik/sogcli/internal/cli/mail.go:755.16,757.3 1 0
github.com/visionik/sogcli/internal/cli/mail.go:759.2,760.16 2 0
github.com/visionik/sogcli/internal/cli/mail.go:760.16,762.3 1 0
github.com/visionik/sogcli/internal/cli/mail.go:765.2,774.16 2 0
github.com/visionik/sogcli/internal/cli/mail.go:774.16,776.3 1 0
github.com/visionik/sogcli/internal/cli/mail.go:777.2,780.16 3 0
github.com/visionik/sogcli/internal/cli/mail.go:780.16,782.3 1 0
github.com/visionik/sogcli/internal/cli/mail.go:785.2,786.58 2 0
github.com/visionik/sogcli/internal/cli/mail.go:786.58,788.3 1 0
github.com/visionik/sogcli/internal/cli/mail.go:790.2,791.16 2 0
github.com/visionik/sogcli/internal/cli/mail.go:791.16,793.3 1 0
github.com/visionik/sogcli/internal/cli/mail.go:794.2,821.45 9 0
github.com/visionik/sogcli/internal/cli/mail.go:821.45,823.3 1 0
github.com/visionik/sogcli/internal/cli/mail.go:825.2,826.12 2 0
github.com/visionik/sogcli/internal/cli/root.go:35.42,39.2 3 0
github.com/visionik/sogcli/internal/cli/root.go:45.43,47.16 2 0
github.com/visionik/sogcli/internal/cli/root.go:47.16,51.3 2 0
github.com/visionik/sogcli/internal/cli/root.go:52.2,53.12 2 0
github.com/visionik/sogcli/internal/smtp/client.go:38.36,49.2 1 1
github.com/visionik/sogcli/internal/smtp/client.go:62.43,75.21 9 0
github.com/visionik/sogcli/internal/smtp/client.go:75.21,77.3 1 0
github.com/visionik/sogcli/internal/smtp/client.go:78.2,92.13 9 0
github.com/visionik/sogcli/internal/smtp/client.go:92.13,94.3 1 0
github.com/visionik/sogcli/internal/smtp/client.go:94.8,94.18 1 0
github.com/visionik/sogcli/internal/smtp/client.go:94.18,96.3 1 0
github.com/visionik/sogcli/internal/smtp/client.go:96.8,96.23 1 0
github.com/visionik/sogcli/internal/smtp/client.go:96.23,98.3 1 0
github.com/visionik/sogcli/internal/smtp/client.go:98.8,100.3 1 0
github.com/visionik/sogcli/internal/smtp/client.go:101.2,101.16 1 0
github.com/visionik/sogcli/internal/smtp/client.go:101.16,103.3 1 0
github.com/visionik/sogcli/internal/smtp/client.go:104.2,108.42 3 0
github.com/visionik/sogcli/internal/smtp/client.go:108.42,110.3 1 0
github.com/visionik/sogcli/internal/smtp/client.go:113.2,113.51 1 0
github.com/visionik/sogcli/internal/smtp/client.go:113.51,115.3 1 0
github.com/visionik/sogcli/internal/smtp/client.go:118.2,118.34 1 0
github.com/visionik/sogcli/internal/smtp/client.go:118.34,119.48 1 0
github.com/visionik/sogcli/internal/smtp/client.go:119.48,121.4 1 0
github.com/visionik/sogcli/internal/smtp/client.go:125.2,126.16 2 0
github.com/visionik/sogcli/internal/smtp/client.go:126.16,128.3 1 0
github.com/visionik/sogcli/internal/smtp/client.go:130.2,130.62 1 0
github.com/visionik/sogcli/internal/smtp/client.go:130.62,132.3 1 0
github.com/visionik/sogcli/internal/smtp/client.go:134.2,134.35 1 0
github.com/visionik/sogcli/internal/smtp/client.go:134.35,136.3 1 0
github.com/visionik/sogcli/internal/smtp/client.go:138.2,138.22 1 0
github.com/visionik/sogcli/internal/smtp/client.go:142.41,153.13 5 0
github.com/visionik/sogcli/internal/smtp/client.go:153.13,156.3 1 0
github.com/visionik/sogcli/internal/smtp/client.go:156.8,156.18 1 0
github.com/visionik/sogcli/internal/smtp/client.go:156.18,159.3 1 0
github.com/visionik/sogcli/internal/smtp/client.go:159.8,159.23 1 0
github.com/visionik/sogcli/internal/smtp/client.go:159.23,162.3 1 0
github.com/visionik/sogcli/internal/smtp/client.go:162.8,164.3 1 0
github.com/visionik/sogcli/internal/smtp/client.go:165.2,165.16 1 0
github.com/visionik/sogcli/internal/smtp/client.go:165.16,167.3 1 0
github.com/visionik/sogcli/internal/smtp/client.go:168.2,172.42 3 0
github.com/visionik/sogcli/internal/smtp/client.go:172.42,174.3 1 0
github.com/visionik/sogcli/internal/smtp/client.go:176.2,176.22 1 0
github.com/visionik/sogcli/internal/discover/discover.go:24.46,26.21 2 1
github.com/visionik/sogcli/internal/discover/discover.go:26.21,28.3 1 1
github.com/visionik/sogcli/internal/discover/discover.go:29.2,34.58 3 1
github.com/visionik/sogcli/internal/discover/discover.go:34.58,36.3 1 1
github.com/visionik/sogcli/internal/discover/discover.go:36.8,36.64 1 1
github.com/visionik/sogcli/internal/discover/discover.go:36.64,38.3 1 0
github.com/visionik/sogcli/internal/discover/discover.go:41.2,41.63 1 1
github.com/visionik/sogcli/internal/discover/discover.go:41.63,43.3 1 1
github.com/visionik/sogcli/internal/discover/discover.go:43.8,43.64 1 1
github.com/visionik/sogcli/internal/discover/discover.go:43.64,45.3 1 0
github.com/visionik/sogcli/internal/discover/discover.go:48.2,48.24 1 1
github.com/visionik/sogcli/internal/discover/discover.go:48.24,54.3 1 1
github.com/visionik/sogcli/internal/discover/discover.go:56.2,56.24 1 1
github.com/visionik/sogcli/internal/discover/discover.go:56.24,62.3 1 1
github.com/visionik/sogcli/internal/discover/discover.go:65.2,67.46 2 1
github.com/visionik/sogcli/internal/discover/discover.go:67.46,69.3 1 0
github.com/visionik/sogcli/internal/discover/discover.go:71.2,71.20 1 1
github.com/visionik/sogcli/internal/discover/discover.go:74.61,76.35 2 1
github.com/visionik/sogcli/internal/discover/discover.go:76.35,78.3 1 1
github.com/visionik/sogcli/internal/discover/discover.go:81.2,85.3 2 1
github.com/visionik/sogcli/internal/discover/discover.go:88.86,89.35 1 1
github.com/visionik/sogcli/internal/discover/discover.go:89.35,91.49 2 1
github.com/visionik/sogcli/internal/discover/discover.go:91.49,96.4 1 1
github.com/visionik/sogcli/internal/discover/discover.go:98.2,98.12 1 0
github.com/visionik/sogcli/internal/discover/discover.go:101.69,103.28 1 1
github.com/visionik/sogcli/internal/discover/discover.go:103.28,104.25 1 1
github.com/visionik/sogcli/internal/discover/discover.go:104.25,106.4 1 0
github.com/visionik/sogcli/internal/discover/discover.go:107.3,107.25 1 1
github.com/visionik/sogcli/internal/discover/discover.go:107.25,109.4 1 0
github.com/visionik/sogcli/internal/discover/discover.go:113.2,113.31 1 1
github.com/visionik/sogcli/internal/discover/discover.go:113.31,114.25 1 0
github.com/visionik/sogcli/internal/discover/discover.go:114.25,116.4 1 0
github.com/visionik/sogcli/internal/discover/discover.go:117.3,117.25 1 0
github.com/visionik/sogcli/internal/discover/discover.go:117.25,119.4 1 0
github.com/visionik/sogcli/internal/discover/discover.go:122.2,122.15 1 1
github.com/visionik/sogcli/internal/discover/discover.go:125.41,128.16 2 1
github.com/visionik/sogcli/internal/discover/discover.go:128.16,130.3 1 0
github.com/visionik/sogcli/internal/discover/discover.go:131.2,131.25 1 1
github.com/visionik/sogcli/internal/discover/discover.go:131.25,133.61 1 1
github.com/visionik/sogcli/internal/discover/discover.go:133.61,135.4 1 1
github.com/visionik/sogcli/internal/discover/discover.go:137.2,137.60 1 0
github.com/visionik/sogcli/internal/discover/discover.go:140.44,143.16 2 1
github.com/visionik/sogcli/internal/discover/discover.go:143.16,145.3 1 0
github.com/visionik/sogcli/internal/discover/discover.go:146.2,146.25 1 1
github.com/visionik/sogcli/internal/discover/discover.go:146.25,148.60 1 1
github.com/visionik/sogcli/internal/discover/discover.go:148.60,150.4 1 1
github.com/visionik/sogcli/internal/discover/discover.go:152.2,152.83 1 1
github.com/visionik/sogcli/internal/imap/client.go:32.43,38.15 4 0
github.com/visionik/sogcli/internal/imap/client.go:38.15,41.3 1 0
github.com/visionik/sogcli/internal/imap/client.go:41.8,41.20 1 0
github.com/visionik/sogcli/internal/imap/client.go:41.20,51.3 3 0
github.com/visionik/sogcli/internal/imap/client.go:51.8,53.3 1 0
github.com/visionik/sogcli/internal/imap/client.go:54.2,54.16 1 0
github.com/visionik/sogcli/internal/imap/client.go:54.16,56.3 1 0
github.com/visionik/sogcli/internal/imap/client.go:59.2,59.69 1 0
github.com/visionik/sogcli/internal/imap/client.go:59.69,62.3 2 0
github.com/visionik/sogcli/internal/imap/client.go:64.2,64.55 1 0
github.com/visionik/sogcli/internal/imap/client.go:68.32,69.21 1 0
github.com/visionik/sogcli/internal/imap/client.go:69.21,71.3 1 0
github.com/visionik/sogcli/internal/imap/client.go:72.2,72.12 1 0
github.com/visionik/sogcli/internal/imap/client.go:76.50,79.16 3 0
github.com/visionik/sogcli/internal/imap/client.go:79.16,81.3 1 0
github.com/visionik/sogcli/internal/imap/client.go:83.2,84.31 2 0
github.com/visionik/sogcli/internal/imap/client.go:84.31,86.3 1 0
github.com/visionik/sogcli/internal/imap/client.go:87.2,87.19 1 0
github.com/visionik/sogcli/internal/imap/client.go:102.91,105.16 2 0
github.com/visionik/sogcli/internal/imap/client.go:105.16,107.3 1 0
github.com/visionik/sogcli/internal/imap/client.go:110.2,110.33 1 0
github.com/visionik/sogcli/internal/imap/client.go:110.33,112.3 1 0
github.com/visionik/sogcli/internal/imap/client.go:115.2,116.42 2 0
github.com/visionik/sogcli/internal/imap/client.go:116.42,118.3 1 0
github.com/visionik/sogcli/internal/imap/client.go:119.2,132.6 6 0
github.com/visionik/sogcli/internal/imap/client.go:132.6,134.21 2 0
github.com/visionik/sogcli/internal/imap/client.go:134.21,135.9 1 0
github.com/visionik/sogcli/internal/imap/client.go:138.3,139.17 2 0
github.com/visionik/sogcli/internal/imap/client.go:139.17,140.12 1 0
github.com/visionik/sogcli/internal/imap/client.go:143.3,147.26 2 0
github.com/visionik/sogcli/internal/imap/client.go:147.26,150.34 3 0
github.com/visionik/sogcli/internal/imap/client.go:150.34,152.24 2 0
github.com/visionik/sogcli/internal/imap/client.go:152.24,154.6 1 0
github.com/visionik/sogcli/internal/imap/client.go:154.11,156.6 1 0
github.com/visionik/sogcli/internal/imap/client.go:160.3,160.31 1 0
github.com/visionik/sogcli/internal/imap/client.go:160.31,161.26 1 0
github.com/visionik/sogcli/internal/imap/client.go:161.26,163.10 2 0
github.com/visionik/sogcli/internal/imap/client.go:167.3,167.33 1 0
github.com/visionik/sogcli/internal/imap/client.go:170.2,170.41 1 0
github.com/visionik/sogcli/internal/imap/client.go:170.41,172.3 1 0
github.com/visionik/sogcli/internal/imap/client.go:174.2,174.22 1 0
github.com/visionik/sogcli/internal/imap/client.go:178.92,181.16 2 0
github.com/visionik/sogcli/internal/imap/client.go:181.16,183.3 1 0
github.com/visionik/sogcli/internal/imap/client.go:185.2,194.18 4 0
github.com/visionik/sogcli/internal/imap/client.go:194.18,196.3 1 0
github.com/visionik/sogcli/internal/imap/client.go:198.2,201.20 3 0
github.com/visionik/sogcli/internal/imap/client.go:201.20,203.3 1 0
github.com/visionik/sogcli/internal/imap/client.go:205.2,206.16 2 0
github.com/visionik/sogcli/internal/imap/client.go:206.16,208.3 1 0
github.com/visionik/sogcli/internal/imap/client.go:210.2,214.25 2 0
github.com/visionik/sogcli/internal/imap/client.go:214.25,217.33 3 0
github.com/visionik/sogcli/internal/imap/client.go:217.33,219.4 1 0
github.com/visionik/sogcli/internal/imap/client.go:220.3,220.31 1 0
github.com/visionik/sogcli/internal/imap/client.go:220.31,222.4 1 0
github.com/visionik/sogcli/internal/imap/client.go:226.2,226.30 1 0
github.com/visionik/sogcli/internal/imap/client.go:226.30,228.3 1 0
github.com/visionik/sogcli/internal/imap/client.go:230.2,230.41 1 0
github.com/visionik/sogcli/internal/imap/client.go:230.41,232.3 1 0
github.com/visionik/sogcli/internal/imap/client.go:234.2,234.15 1 0
github.com/visionik/sogcli/internal/imap/client.go:245.83,248.16 2 0
github.com/visionik/sogcli/internal/imap/client.go:248.16,250.3 1 0
github.com/visionik/sogcli/internal/imap/client.go:253.2,253.21 1 0
github.com/visionik/sogcli/internal/imap/client.go:253.21,255.3 1 0
github.com/visionik/sogcli/internal/imap/client.go:258.2,259.16 2 0
github.com/visionik/sogcli/internal/imap/client.go:259.16,261.3 1 0
github.com/visionik/sogcli/internal/imap/client.go:264.2,266.16 3 0
github.com/visionik/sogcli/internal/imap/client.go:266.16,268.3 1 0
github.com/visionik/sogcli/internal/imap/client.go:271.2,272.20 2 0
github.com/visionik/sogcli/internal/imap/client.go:272.20,274.3 1 0
github.com/visionik/sogcli/internal/imap/client.go:277.2,277.21 1 0
github.com/visionik/sogcli/internal/imap/client.go:277.21,279.3 1 0
github.com/visionik/sogcli/internal/imap/client.go:282.2,289.27 3 0
github.com/visionik/sogcli/internal/imap/client.go:289.27,291.3 1 0
github.com/visionik/sogcli/internal/imap/client.go:293.2,296.6 3 0
github.com/visionik/sogcli/internal/imap/client.go:296.6,298.21 2 0
github.com/visionik/sogcli/internal/imap/client.go:298.21,299.9 1 0
github.com/visionik/sogcli/internal/imap/client.go:302.3,303.17 2 0
github.com/visionik/sogcli/internal/imap/client.go:303.17,304.12 1 0
github.com/visionik/sogcli/internal/imap/client.go:307.3,311.26 2 0
github.com/visionik/sogcli/internal/imap/client.go:311.26,314.34 3 0
github.com/visionik/sogcli/internal/imap/client.go:314.34,316.24 2 0
github.com/visionik/sogcli/internal/imap/client.go:316.24,318.6 1 0
github.com/visionik/sogcli/internal/imap/client.go:318.11,320.6 1 0
github.com/visionik/sogcli/internal/imap/client.go:324.3,324.31 1 0
github.com/visionik/sogcli/internal/imap/client.go:324.31,325.26 1 0
github.com/visionik/sogcli/internal/imap/client.go:325.26,327.10 2 0
github.com/visionik/sogcli/internal/imap/client.go:331.3,331.33 1 0
github.com/visionik/sogcli/internal/imap/client.go:334.2,334.41 1 0
github.com/visionik/sogcli/internal/imap/client.go:334.41,336.3 1 0
github.com/visionik/sogcli/internal/imap/client.go:338.2,338.22 1 0
github.com/visionik/sogcli/internal/imap/client.go:343.67,345.56 1 1
github.com/visionik/sogcli/internal/imap/client.go:345.56,347.3 1 1
github.com/visionik/sogcli/internal/imap/client.go:349.2,354.35 3 1
github.com/visionik/sogcli/internal/imap/client.go:354.35,357.18 2 1
github.com/visionik/sogcli/internal/imap/client.go:358.15,359.25 1 1
github.com/visionik/sogcli/internal/imap/client.go:359.25,365.5 2 1
github.com/visionik/sogcli/internal/imap/client.go:366.13,367.25 1 1
github.com/visionik/sogcli/internal/imap/client.go:367.25,373.5 2 1
github.com/visionik/sogcli/internal/imap/client.go:374.18,375.25 1 1
github.com/visionik/sogcli/internal/imap/client.go:375.25,381.5 2 1
github.com/visionik/sogcli/internal/imap/client.go:382.23,383.25 1 1
github.com/visionik/sogcli/internal/imap/client.go:383.25,386.5 2 1
github.com/visionik/sogcli/internal/imap/client.go:387.27,388.62 1 1
github.com/visionik/sogcli/internal/imap/client.go:389.23,390.56 1 1
github.com/visionik/sogcli/internal/imap/client.go:391.29,392.59 1 1
github.com/visionik/sogcli/internal/imap/client.go:393.16,394.25 1 1
github.com/visionik/sogcli/internal/imap/client.go:394.25,397.19 3 1
github.com/visionik/sogcli/internal/imap/client.go:397.19,399.6 1 1
github.com/visionik/sogcli/internal/imap/client.go:401.17,402.25 1 1
github.com/visionik/sogcli/internal/imap/client.go:402.25,405.19 3 1
github.com/visionik/sogcli/internal/imap/client.go:405.19,407.6 1 1
github.com/visionik/sogcli/internal/imap/client.go:409.11,411.52 1 1
github.com/visionik/sogcli/internal/imap/client.go:415.2,415.22 1 1
github.com/visionik/sogcli/internal/imap/client.go:419.45,428.33 2 1
github.com/visionik/sogcli/internal/imap/client.go:428.33,429.50 1 1
github.com/visionik/sogcli/internal/imap/client.go:429.50,431.4 1 1
github.com/visionik/sogcli/internal/imap/client.go:434.2,434.63 1 1
github.com/visionik/sogcli/internal/imap/client.go:439.84,442.16 2 0
github.com/visionik/sogcli/internal/imap/client.go:442.16,444.3 1 0
github.com/visionik/sogcli/internal/imap/client.go:446.2,452.16 5 0
github.com/visionik/sogcli/internal/imap/client.go:452.16,454.3 1 0
github.com/visionik/sogcli/internal/imap/client.go:456.2,456.12 1 0
github.com/visionik/sogcli/internal/imap/client.go:460.84,463.16 2 0
github.com/visionik/sogcli/internal/imap/client.go:463.16,465.3 1 0
github.com/visionik/sogcli/internal/imap/client.go:467.2,472.16 5 0
github.com/visionik/sogcli/internal/imap/client.go:472.16,474.3 1 0
github.com/visionik/sogcli/internal/imap/client.go:476.2,476.12 1 0
github.com/visionik/sogcli/internal/imap/client.go:480.82,483.16 2 0
github.com/visionik/sogcli/internal/imap/client.go:483.16,485.3 1 0
github.com/visionik/sogcli/internal/imap/client.go:487.2,492.31 4 0
github.com/visionik/sogcli/internal/imap/client.go:493.22,494.27 1 0
github.com/visionik/sogcli/internal/imap/client.go:495.28,496.30 1 0
github.com/visionik/sogcli/internal/imap/client.go:497.29,498.31 1 0
github.com/visionik/sogcli/internal/imap/client.go:499.17,500.30 1 0
github.com/visionik/sogcli/internal/imap/client.go:501.15,502.28 1 0
github.com/visionik/sogcli/internal/imap/client.go:503.10,504.46 1 0
github.com/visionik/sogcli/internal/imap/client.go:507.2,508.10 2 0
github.com/visionik/sogcli/internal/imap/client.go:508.10,510.3 1 0
github.com/visionik/sogcli/internal/imap/client.go:512.2,519.41 3 0
github.com/visionik/sogcli/internal/imap/client.go:519.41,521.3 1 0
github.com/visionik/sogcli/internal/imap/client.go:523.2,523.12 1 0
github.com/visionik/sogcli/internal/imap/client.go:527.65,528.64 1 0
github.com/visionik/sogcli/internal/imap/client.go:528.64,530.3 1 0
github.com/visionik/sogcli/internal/imap/client.go:533.2,534.43 2 0
github.com/visionik/sogcli/internal/imap/client.go:534.43,536.3 1 0
github.com/visionik/sogcli/internal/imap/client.go:538.2,538.12 1 0
github.com/visionik/sogcli/internal/imap/client.go:542.50,544.41 2 0
github.com/visionik/sogcli/internal/imap/client.go:544.41,546.3 1 0
github.com/visionik/sogcli/internal/imap/client.go:547.2,547.12 1 0
github.com/visionik/sogcli/internal/imap/client.go:551.50,553.41 2 0
github.com/visionik/sogcli/internal/imap/client.go:553.41,555.3 1 0
github.com/visionik/sogcli/internal/imap/client.go:556.2,556.12 1 0
github.com/visionik/sogcli/internal/imap/client.go:560.62,562.41 2 0
github.com/visionik/sogcli/internal/imap/client.go:562.41,564.3 1 0
github.com/visionik/sogcli/internal/imap/client.go:565.2,565.12 1 0
github.com/visionik/sogcli/internal/imap/client.go:570.58,574.18 3 0
github.com/visionik/sogcli/internal/imap/client.go:574.18,576.3 1 0
github.com/visionik/sogcli/internal/imap/client.go:577.2,590.53 8 0
github.com/visionik/sogcli/internal/imap/client.go:590.53,592.3 1 0
github.com/visionik/sogcli/internal/imap/client.go:594.2,594.42 1 0
github.com/visionik/sogcli/internal/imap/client.go:594.42,596.3 1 0
github.com/visionik/sogcli/internal/imap/client.go:598.2,599.16 2 0
github.com/visionik/sogcli/internal/imap/client.go:599.16,601.3 1 0
github.com/visionik/sogcli/internal/imap/client.go:603.2,603.19 1 0
github.com/visionik/sogcli/internal/imap/client.go:603.19,605.3 1 0
github.com/visionik/sogcli/internal/imap/client.go:607.2,607.15 1 0
github.com/visionik/sogcli/internal/imap/client.go:611.57,613.2 1 0
github.com/visionik/sogcli/internal/imap/client.go:616.48,618.2 1 0
github.com/visionik/sogcli/internal/imap/client.go:624.76,627.16 2 0
github.com/visionik/sogcli/internal/imap/client.go:627.16,629.3 1 0
github.com/visionik/sogcli/internal/imap/client.go:631.2,633.6 2 0
github.com/visionik/sogcli/internal/imap/client.go:633.6,636.17 2 0
github.com/visionik/sogcli/internal/imap/client.go:636.17,638.4 1 0
github.com/visionik/sogcli/internal/imap/client.go:641.3,642.17 2 0
github.com/visionik/sogcli/internal/imap/client.go:642.17,645.4 2 0
github.com/visionik/sogcli/internal/imap/client.go:647.3,653.17 3 0
github.com/visionik/sogcli/internal/imap/client.go:653.17,655.4 1 0
github.com/visionik/sogcli/internal/imap/client.go:657.3,657.67 1 0
github.com/visionik/sogcli/internal/imap/client.go:657.67,658.23 1 0
github.com/visionik/sogcli/internal/imap/client.go:658.23,660.5 1 0
github.com/visionik/sogcli/internal/imap/client.go:661.4,661.35 1 0
github.com/visionik/sogcli/internal/config/config.go:43.34,45.16 2 1
github.com/visionik/sogcli/internal/config/config.go:45.16,47.3 1 0
github.com/visionik/sogcli/internal/config/config.go:48.2,48.51 1 1
github.com/visionik/sogcli/internal/config/config.go:52.35,54.16 2 1
github.com/visionik/sogcli/internal/config/config.go:54.16,56.3 1 0
github.com/visionik/sogcli/internal/config/config.go:57.2,57.47 1 1
github.com/visionik/sogcli/internal/config/config.go:61.30,63.16 2 1
github.com/visionik/sogcli/internal/config/config.go:63.16,65.3 1 0
github.com/visionik/sogcli/internal/config/config.go:67.2,73.24 3 1
github.com/visionik/sogcli/internal/config/config.go:73.24,75.3 1 1
github.com/visionik/sogcli/internal/config/config.go:76.2,76.16 1 1
github.com/visionik/sogcli/internal/config/config.go:76.16,78.3 1 0
github.com/visionik/sogcli/internal/config/config.go:80.2,80.50 1 1
github.com/visionik/sogcli/internal/config/config.go:80.50,82.3 1 0
github.com/visionik/sogcli/internal/config/config.go:84.2,85.17 2 1
github.com/visionik/sogcli/internal/config/config.go:89.31,91.47 2 1
github.com/visionik/sogcli/internal/config/config.go:91.47,93.3 1 0
github.com/visionik/sogcli/internal/config/config.go:95.2,96.16 2 1
github.com/visionik/sogcli/internal/config/config.go:96.16,98.3 1 0
github.com/visionik/sogcli/internal/config/config.go:100.2,100.57 1 1
github.com/visionik/sogcli/internal/config/config.go:100.57,102.3 1 0
github.com/visionik/sogcli/internal/config/config.go:104.2,104.12 1 1
github.com/visionik/sogcli/internal/config/config.go:108.66,109.23 1 0
github.com/visionik/sogcli/internal/config/config.go:109.23,111.3 1 0
github.com/visionik/sogcli/internal/config/config.go:113.2,116.28 2 0
github.com/visionik/sogcli/internal/config/config.go:116.28,118.3 1 0
github.com/visionik/sogcli/internal/config/config.go:121.2,121.58 1 0
github.com/visionik/sogcli/internal/config/config.go:121.58,123.3 1 0
github.com/visionik/sogcli/internal/config/config.go:125.2,125.17 1 0
github.com/visionik/sogcli/internal/config/config.go:129.61,131.9 2 1
github.com/visionik/sogcli/internal/config/config.go:131.9,133.3 1 1
github.com/visionik/sogcli/internal/config/config.go:134.2,134.19 1 1
github.com/visionik/sogcli/internal/config/config.go:138.43,140.34 2 1
github.com/visionik/sogcli/internal/config/config.go:140.34,142.3 1 1
github.com/visionik/sogcli/internal/config/config.go:143.2,143.17 1 1
github.com/visionik/sogcli/internal/config/config.go:147.52,148.37 1 1
github.com/visionik/sogcli/internal/config/config.go:148.37,150.3 1 0
github.com/visionik/sogcli/internal/config/config.go:152.2,155.31 2 1
github.com/visionik/sogcli/internal/config/config.go:155.31,158.29 2 1
github.com/visionik/sogcli/internal/config/config.go:158.29,160.9 2 1
github.com/visionik/sogcli/internal/config/config.go:165.2,167.17 2 1
github.com/visionik/sogcli/internal/config/config.go:171.60,173.2 1 0
github.com/visionik/sogcli/internal/config/keyring.go:14.48,16.2 1 0
github.com/visionik/sogcli/internal/config/keyring.go:20.48,23.16 2 0
github.com/visionik/sogcli/internal/config/keyring.go:23.16,25.3 1 0
github.com/visionik/sogcli/internal/config/keyring.go:28.2,29.49 2 0
github.com/visionik/sogcli/internal/config/keyring.go:29.49,31.3 1 0
github.com/visionik/sogcli/internal/config/keyring.go:33.2,33.90 1 0
github.com/visionik/sogcli/internal/config/keyring.go:37.41,39.2 1 1
github.com/visionik/sogcli/internal/config/keyring.go:43.42,48.2 4 1
github.com/visionik/sogcli/internal/output/formatter.go:30.52,32.10 2 1
github.com/visionik/sogcli/internal/output/formatter.go:32.10,34.3 1 1
github.com/visionik/sogcli/internal/output/formatter.go:34.8,34.18 1 1
github.com/visionik/sogcli/internal/output/formatter.go:34.18,36.3 1 1
github.com/visionik/sogcli/internal/output/formatter.go:37.2,37.10 1 1
github.com/visionik/sogcli/internal/output/formatter.go:41.43,42.18 1 1
github.com/visionik/sogcli/internal/output/formatter.go:43.18,44.27 1 1
github.com/visionik/sogcli/internal/output/formatter.go:45.19,46.28 1 1
github.com/visionik/sogcli/internal/output/formatter.go:47.10,48.28 1 1
github.com/visionik/sogcli/internal/output/formatter.go:52.47,56.2 3 1
github.com/visionik/sogcli/internal/output/formatter.go:58.48,60.26 1 1
github.com/visionik/sogcli/internal/output/formatter.go:61.24,62.25 1 1
github.com/visionik/sogcli/internal/output/formatter.go:62.25,64.28 2 1
github.com/visionik/sogcli/internal/output/formatter.go:64.28,66.5 1 1
github.com/visionik/sogcli/internal/output/formatter.go:67.4,67.54 1 1
github.com/visionik/sogcli/internal/output/formatter.go:69.22,70.25 1 1
github.com/visionik/sogcli/internal/output/formatter.go:70.25,72.4 1 1
github.com/visionik/sogcli/internal/output/formatter.go:73.10,74.31 1 0
github.com/visionik/sogcli/internal/output/formatter.go:76.2,76.12 1 1
github.com/visionik/sogcli/internal/output/formatter.go:79.48,83.2 2 1
