mode: set
github.com/visionik/sog/internal/output/formatter.go:30.52,32.10 2 1
github.com/visionik/sog/internal/output/formatter.go:32.10,34.3 1 1
github.com/visionik/sog/internal/output/formatter.go:34.8,34.18 1 1
github.com/visionik/sog/internal/output/formatter.go:34.18,36.3 1 1
github.com/visionik/sog/internal/output/formatter.go:37.2,37.10 1 1
github.com/visionik/sog/internal/output/formatter.go:41.43,42.18 1 1
github.com/visionik/sog/internal/output/formatter.go:43.18,44.27 1 1
github.com/visionik/sog/internal/output/formatter.go:45.19,46.28 1 1
github.com/visionik/sog/internal/output/formatter.go:47.10,48.28 1 1
github.com/visionik/sog/internal/output/formatter.go:52.47,56.2 3 1
github.com/visionik/sog/internal/output/formatter.go:58.48,60.26 1 1
github.com/visionik/sog/internal/output/formatter.go:61.24,62.25 1 1
github.com/visionik/sog/internal/output/formatter.go:62.25,64.28 2 1
github.com/visionik/sog/internal/output/formatter.go:64.28,66.5 1 1
github.com/visionik/sog/internal/output/formatter.go:67.4,67.54 1 1
github.com/visionik/sog/internal/output/formatter.go:69.22,70.25 1 1
github.com/visionik/sog/internal/output/formatter.go:70.25,72.4 1 1
github.com/visionik/sog/internal/output/formatter.go:73.10,74.31 1 0
github.com/visionik/sog/internal/output/formatter.go:76.2,76.12 1 1
github.com/visionik/sog/internal/output/formatter.go:79.48,83.2 2 1
github.com/visionik/sog/internal/discover/discover.go:24.46,26.21 2 1
github.com/visionik/sog/internal/discover/discover.go:26.21,28.3 1 1
github.com/visionik/sog/internal/discover/discover.go:29.2,34.58 3 1
github.com/visionik/sog/internal/discover/discover.go:34.58,36.3 1 1
github.com/visionik/sog/internal/discover/discover.go:36.8,36.64 1 1
github.com/visionik/sog/internal/discover/discover.go:36.64,38.3 1 0
github.com/visionik/sog/internal/discover/discover.go:41.2,41.63 1 1
github.com/visionik/sog/internal/discover/discover.go:41.63,43.3 1 1
github.com/visionik/sog/internal/discover/discover.go:43.8,43.64 1 1
github.com/visionik/sog/internal/discover/discover.go:43.64,45.3 1 0
github.com/visionik/sog/internal/discover/discover.go:48.2,48.24 1 1
github.com/visionik/sog/internal/discover/discover.go:48.24,54.3 1 1
github.com/visionik/sog/internal/discover/discover.go:56.2,56.24 1 1
github.com/visionik/sog/internal/discover/discover.go:56.24,62.3 1 1
github.com/visionik/sog/internal/discover/discover.go:65.2,67.46 2 1
github.com/visionik/sog/internal/discover/discover.go:67.46,69.3 1 0
github.com/visionik/sog/internal/discover/discover.go:71.2,71.20 1 1
github.com/visionik/sog/internal/discover/discover.go:74.61,76.35 2 1
github.com/visionik/sog/internal/discover/discover.go:76.35,78.3 1 1
github.com/visionik/sog/internal/discover/discover.go:81.2,85.3 2 1
github.com/visionik/sog/internal/discover/discover.go:88.86,89.35 1 1
github.com/visionik/sog/internal/discover/discover.go:89.35,91.49 2 1
github.com/visionik/sog/internal/discover/discover.go:91.49,96.4 1 1
github.com/visionik/sog/internal/discover/discover.go:98.2,98.12 1 0
github.com/visionik/sog/internal/discover/discover.go:101.69,103.28 1 1
github.com/visionik/sog/internal/discover/discover.go:103.28,104.25 1 1
github.com/visionik/sog/internal/discover/discover.go:104.25,106.4 1 0
github.com/visionik/sog/internal/discover/discover.go:107.3,107.25 1 1
github.com/visionik/sog/internal/discover/discover.go:107.25,109.4 1 0
github.com/visionik/sog/internal/discover/discover.go:113.2,113.31 1 1
github.com/visionik/sog/internal/discover/discover.go:113.31,114.25 1 0
github.com/visionik/sog/internal/discover/discover.go:114.25,116.4 1 0
github.com/visionik/sog/internal/discover/discover.go:117.3,117.25 1 0
github.com/visionik/sog/internal/discover/discover.go:117.25,119.4 1 0
github.com/visionik/sog/internal/discover/discover.go:122.2,122.15 1 1
github.com/visionik/sog/internal/discover/discover.go:125.41,128.16 2 1
github.com/visionik/sog/internal/discover/discover.go:128.16,130.3 1 0
github.com/visionik/sog/internal/discover/discover.go:131.2,131.25 1 1
github.com/visionik/sog/internal/discover/discover.go:131.25,133.61 1 1
github.com/visionik/sog/internal/discover/discover.go:133.61,135.4 1 1
github.com/visionik/sog/internal/discover/discover.go:137.2,137.60 1 0
github.com/visionik/sog/internal/discover/discover.go:140.44,143.16 2 1
github.com/visionik/sog/internal/discover/discover.go:143.16,145.3 1 0
github.com/visionik/sog/internal/discover/discover.go:146.2,146.25 1 1
github.com/visionik/sog/internal/discover/discover.go:146.25,148.60 1 1
github.com/visionik/sog/internal/discover/discover.go:148.60,150.4 1 1
github.com/visionik/sog/internal/discover/discover.go:152.2,152.83 1 1
github.com/visionik/sog/internal/smtp/client.go:38.36,49.2 1 1
github.com/visionik/sog/internal/smtp/client.go:62.43,75.21 9 1
github.com/visionik/sog/internal/smtp/client.go:75.21,77.3 1 1
github.com/visionik/sog/internal/smtp/client.go:78.2,92.13 9 1
github.com/visionik/sog/internal/smtp/client.go:92.13,94.3 1 1
github.com/visionik/sog/internal/smtp/client.go:94.8,94.18 1 0
github.com/visionik/sog/internal/smtp/client.go:94.18,96.3 1 0
github.com/visionik/sog/internal/smtp/client.go:96.8,96.23 1 0
github.com/visionik/sog/internal/smtp/client.go:96.23,98.3 1 0
github.com/visionik/sog/internal/smtp/client.go:98.8,100.3 1 0
github.com/visionik/sog/internal/smtp/client.go:101.2,101.16 1 1
github.com/visionik/sog/internal/smtp/client.go:101.16,103.3 1 0
github.com/visionik/sog/internal/smtp/client.go:104.2,108.42 3 1
github.com/visionik/sog/internal/smtp/client.go:108.42,110.3 1 0
github.com/visionik/sog/internal/smtp/client.go:113.2,113.51 1 1
github.com/visionik/sog/internal/smtp/client.go:113.51,115.3 1 0
github.com/visionik/sog/internal/smtp/client.go:118.2,118.34 1 1
github.com/visionik/sog/internal/smtp/client.go:118.34,119.48 1 1
github.com/visionik/sog/internal/smtp/client.go:119.48,121.4 1 0
github.com/visionik/sog/internal/smtp/client.go:125.2,126.16 2 1
github.com/visionik/sog/internal/smtp/client.go:126.16,128.3 1 0
github.com/visionik/sog/internal/smtp/client.go:130.2,130.62 1 1
github.com/visionik/sog/internal/smtp/client.go:130.62,132.3 1 0
github.com/visionik/sog/internal/smtp/client.go:134.2,134.35 1 1
github.com/visionik/sog/internal/smtp/client.go:134.35,136.3 1 0
github.com/visionik/sog/internal/smtp/client.go:138.2,138.22 1 1
github.com/visionik/sog/internal/smtp/client.go:142.41,153.13 5 1
github.com/visionik/sog/internal/smtp/client.go:153.13,156.3 1 1
github.com/visionik/sog/internal/smtp/client.go:156.8,156.18 1 0
github.com/visionik/sog/internal/smtp/client.go:156.18,159.3 1 0
github.com/visionik/sog/internal/smtp/client.go:159.8,159.23 1 0
github.com/visionik/sog/internal/smtp/client.go:159.23,162.3 1 0
github.com/visionik/sog/internal/smtp/client.go:162.8,164.3 1 0
github.com/visionik/sog/internal/smtp/client.go:165.2,165.16 1 1
github.com/visionik/sog/internal/smtp/client.go:165.16,167.3 1 0
github.com/visionik/sog/internal/smtp/client.go:168.2,172.42 3 1
github.com/visionik/sog/internal/smtp/client.go:172.42,174.3 1 0
github.com/visionik/sog/internal/smtp/client.go:176.2,176.22 1 1
github.com/visionik/sog/internal/config/config.go:36.34,38.16 2 1
github.com/visionik/sog/internal/config/config.go:38.16,40.3 1 0
github.com/visionik/sog/internal/config/config.go:41.2,41.51 1 1
github.com/visionik/sog/internal/config/config.go:45.35,47.16 2 1
github.com/visionik/sog/internal/config/config.go:47.16,49.3 1 0
github.com/visionik/sog/internal/config/config.go:50.2,50.47 1 1
github.com/visionik/sog/internal/config/config.go:54.30,56.16 2 1
github.com/visionik/sog/internal/config/config.go:56.16,58.3 1 0
github.com/visionik/sog/internal/config/config.go:60.2,66.24 3 1
github.com/visionik/sog/internal/config/config.go:66.24,68.3 1 1
github.com/visionik/sog/internal/config/config.go:69.2,69.16 1 1
github.com/visionik/sog/internal/config/config.go:69.16,71.3 1 0
github.com/visionik/sog/internal/config/config.go:73.2,73.50 1 1
github.com/visionik/sog/internal/config/config.go:73.50,75.3 1 0
github.com/visionik/sog/internal/config/config.go:77.2,78.17 2 1
github.com/visionik/sog/internal/config/config.go:82.31,84.47 2 1
github.com/visionik/sog/internal/config/config.go:84.47,86.3 1 0
github.com/visionik/sog/internal/config/config.go:88.2,89.16 2 1
github.com/visionik/sog/internal/config/config.go:89.16,91.3 1 0
github.com/visionik/sog/internal/config/config.go:93.2,93.57 1 1
github.com/visionik/sog/internal/config/config.go:93.57,95.3 1 0
github.com/visionik/sog/internal/config/config.go:97.2,97.12 1 1
github.com/visionik/sog/internal/config/config.go:101.66,102.23 1 0
github.com/visionik/sog/internal/config/config.go:102.23,104.3 1 0
github.com/visionik/sog/internal/config/config.go:106.2,109.28 2 0
github.com/visionik/sog/internal/config/config.go:109.28,111.3 1 0
github.com/visionik/sog/internal/config/config.go:114.2,114.58 1 0
github.com/visionik/sog/internal/config/config.go:114.58,116.3 1 0
github.com/visionik/sog/internal/config/config.go:118.2,118.17 1 0
github.com/visionik/sog/internal/config/config.go:122.61,124.9 2 1
github.com/visionik/sog/internal/config/config.go:124.9,126.3 1 1
github.com/visionik/sog/internal/config/config.go:127.2,127.19 1 1
github.com/visionik/sog/internal/config/config.go:131.43,133.34 2 1
github.com/visionik/sog/internal/config/config.go:133.34,135.3 1 1
github.com/visionik/sog/internal/config/config.go:136.2,136.17 1 1
github.com/visionik/sog/internal/config/config.go:140.52,141.37 1 1
github.com/visionik/sog/internal/config/config.go:141.37,143.3 1 0
github.com/visionik/sog/internal/config/config.go:145.2,148.31 2 1
github.com/visionik/sog/internal/config/config.go:148.31,151.29 2 1
github.com/visionik/sog/internal/config/config.go:151.29,153.9 2 1
github.com/visionik/sog/internal/config/config.go:158.2,160.17 2 1
github.com/visionik/sog/internal/config/config.go:164.60,166.2 1 0
github.com/visionik/sog/internal/config/keyring.go:14.48,16.2 1 0
github.com/visionik/sog/internal/config/keyring.go:20.48,23.16 2 0
github.com/visionik/sog/internal/config/keyring.go:23.16,25.3 1 0
github.com/visionik/sog/internal/config/keyring.go:28.2,29.49 2 0
github.com/visionik/sog/internal/config/keyring.go:29.49,31.3 1 0
github.com/visionik/sog/internal/config/keyring.go:33.2,33.90 1 0
github.com/visionik/sog/internal/config/keyring.go:37.41,39.2 1 1
github.com/visionik/sog/internal/config/keyring.go:43.42,48.2 4 1
github.com/visionik/sog/internal/imap/client.go:32.43,38.15 4 1
github.com/visionik/sog/internal/imap/client.go:38.15,41.3 1 1
github.com/visionik/sog/internal/imap/client.go:41.8,41.20 1 0
github.com/visionik/sog/internal/imap/client.go:41.20,51.3 3 0
github.com/visionik/sog/internal/imap/client.go:51.8,53.3 1 0
github.com/visionik/sog/internal/imap/client.go:54.2,54.16 1 1
github.com/visionik/sog/internal/imap/client.go:54.16,56.3 1 0
github.com/visionik/sog/internal/imap/client.go:59.2,59.69 1 1
github.com/visionik/sog/internal/imap/client.go:59.69,62.3 2 0
github.com/visionik/sog/internal/imap/client.go:64.2,64.55 1 1
github.com/visionik/sog/internal/imap/client.go:68.32,69.21 1 1
github.com/visionik/sog/internal/imap/client.go:69.21,71.3 1 1
github.com/visionik/sog/internal/imap/client.go:72.2,72.12 1 0
github.com/visionik/sog/internal/imap/client.go:76.50,79.16 3 1
github.com/visionik/sog/internal/imap/client.go:79.16,81.3 1 0
github.com/visionik/sog/internal/imap/client.go:83.2,84.31 2 1
github.com/visionik/sog/internal/imap/client.go:84.31,86.3 1 1
github.com/visionik/sog/internal/imap/client.go:87.2,87.19 1 1
github.com/visionik/sog/internal/imap/client.go:102.91,105.16 2 1
github.com/visionik/sog/internal/imap/client.go:105.16,107.3 1 0
github.com/visionik/sog/internal/imap/client.go:110.2,110.33 1 1
github.com/visionik/sog/internal/imap/client.go:110.33,112.3 1 1
github.com/visionik/sog/internal/imap/client.go:115.2,116.42 2 0
github.com/visionik/sog/internal/imap/client.go:116.42,118.3 1 0
github.com/visionik/sog/internal/imap/client.go:119.2,132.6 6 0
github.com/visionik/sog/internal/imap/client.go:132.6,134.21 2 0
github.com/visionik/sog/internal/imap/client.go:134.21,135.9 1 0
github.com/visionik/sog/internal/imap/client.go:138.3,139.17 2 0
github.com/visionik/sog/internal/imap/client.go:139.17,140.12 1 0
github.com/visionik/sog/internal/imap/client.go:143.3,147.26 2 0
github.com/visionik/sog/internal/imap/client.go:147.26,150.34 3 0
github.com/visionik/sog/internal/imap/client.go:150.34,152.24 2 0
github.com/visionik/sog/internal/imap/client.go:152.24,154.6 1 0
github.com/visionik/sog/internal/imap/client.go:154.11,156.6 1 0
github.com/visionik/sog/internal/imap/client.go:160.3,160.31 1 0
github.com/visionik/sog/internal/imap/client.go:160.31,161.26 1 0
github.com/visionik/sog/internal/imap/client.go:161.26,163.10 2 0
github.com/visionik/sog/internal/imap/client.go:167.3,167.33 1 0
github.com/visionik/sog/internal/imap/client.go:170.2,170.41 1 0
github.com/visionik/sog/internal/imap/client.go:170.41,172.3 1 0
github.com/visionik/sog/internal/imap/client.go:174.2,174.22 1 0
github.com/visionik/sog/internal/imap/client.go:178.92,181.16 2 0
github.com/visionik/sog/internal/imap/client.go:181.16,183.3 1 0
github.com/visionik/sog/internal/imap/client.go:185.2,194.18 4 0
github.com/visionik/sog/internal/imap/client.go:194.18,196.3 1 0
github.com/visionik/sog/internal/imap/client.go:198.2,201.20 3 0
github.com/visionik/sog/internal/imap/client.go:201.20,203.3 1 0
github.com/visionik/sog/internal/imap/client.go:205.2,206.16 2 0
github.com/visionik/sog/internal/imap/client.go:206.16,208.3 1 0
github.com/visionik/sog/internal/imap/client.go:210.2,214.25 2 0
github.com/visionik/sog/internal/imap/client.go:214.25,217.33 3 0
github.com/visionik/sog/internal/imap/client.go:217.33,219.4 1 0
github.com/visionik/sog/internal/imap/client.go:220.3,220.31 1 0
github.com/visionik/sog/internal/imap/client.go:220.31,222.4 1 0
github.com/visionik/sog/internal/imap/client.go:226.2,226.30 1 0
github.com/visionik/sog/internal/imap/client.go:226.30,228.3 1 0
github.com/visionik/sog/internal/imap/client.go:230.2,230.41 1 0
github.com/visionik/sog/internal/imap/client.go:230.41,232.3 1 0
github.com/visionik/sog/internal/imap/client.go:234.2,234.15 1 0
github.com/visionik/sog/internal/imap/client.go:245.83,248.16 2 1
github.com/visionik/sog/internal/imap/client.go:248.16,250.3 1 0
github.com/visionik/sog/internal/imap/client.go:253.2,253.21 1 1
github.com/visionik/sog/internal/imap/client.go:253.21,255.3 1 1
github.com/visionik/sog/internal/imap/client.go:258.2,259.16 2 1
github.com/visionik/sog/internal/imap/client.go:259.16,261.3 1 0
github.com/visionik/sog/internal/imap/client.go:264.2,266.16 3 1
github.com/visionik/sog/internal/imap/client.go:266.16,268.3 1 0
github.com/visionik/sog/internal/imap/client.go:271.2,272.20 2 1
github.com/visionik/sog/internal/imap/client.go:272.20,274.3 1 1
github.com/visionik/sog/internal/imap/client.go:277.2,277.21 1 0
github.com/visionik/sog/internal/imap/client.go:277.21,279.3 1 0
github.com/visionik/sog/internal/imap/client.go:282.2,289.27 3 0
github.com/visionik/sog/internal/imap/client.go:289.27,291.3 1 0
github.com/visionik/sog/internal/imap/client.go:293.2,296.6 3 0
github.com/visionik/sog/internal/imap/client.go:296.6,298.21 2 0
github.com/visionik/sog/internal/imap/client.go:298.21,299.9 1 0
github.com/visionik/sog/internal/imap/client.go:302.3,303.17 2 0
github.com/visionik/sog/internal/imap/client.go:303.17,304.12 1 0
github.com/visionik/sog/internal/imap/client.go:307.3,311.26 2 0
github.com/visionik/sog/internal/imap/client.go:311.26,314.34 3 0
github.com/visionik/sog/internal/imap/client.go:314.34,316.24 2 0
github.com/visionik/sog/internal/imap/client.go:316.24,318.6 1 0
github.com/visionik/sog/internal/imap/client.go:318.11,320.6 1 0
github.com/visionik/sog/internal/imap/client.go:324.3,324.31 1 0
github.com/visionik/sog/internal/imap/client.go:324.31,325.26 1 0
github.com/visionik/sog/internal/imap/client.go:325.26,327.10 2 0
github.com/visionik/sog/internal/imap/client.go:331.3,331.33 1 0
github.com/visionik/sog/internal/imap/client.go:334.2,334.41 1 0
github.com/visionik/sog/internal/imap/client.go:334.41,336.3 1 0
github.com/visionik/sog/internal/imap/client.go:338.2,338.22 1 0
github.com/visionik/sog/internal/imap/client.go:343.67,345.56 1 1
github.com/visionik/sog/internal/imap/client.go:345.56,347.3 1 1
github.com/visionik/sog/internal/imap/client.go:349.2,354.35 3 1
github.com/visionik/sog/internal/imap/client.go:354.35,357.18 2 1
github.com/visionik/sog/internal/imap/client.go:358.15,359.25 1 1
github.com/visionik/sog/internal/imap/client.go:359.25,365.5 2 1
github.com/visionik/sog/internal/imap/client.go:366.13,367.25 1 1
github.com/visionik/sog/internal/imap/client.go:367.25,373.5 2 1
github.com/visionik/sog/internal/imap/client.go:374.18,375.25 1 1
github.com/visionik/sog/internal/imap/client.go:375.25,381.5 2 1
github.com/visionik/sog/internal/imap/client.go:382.23,383.25 1 1
github.com/visionik/sog/internal/imap/client.go:383.25,386.5 2 1
github.com/visionik/sog/internal/imap/client.go:387.27,388.62 1 1
github.com/visionik/sog/internal/imap/client.go:389.23,390.56 1 1
github.com/visionik/sog/internal/imap/client.go:391.29,392.59 1 1
github.com/visionik/sog/internal/imap/client.go:393.16,394.25 1 1
github.com/visionik/sog/internal/imap/client.go:394.25,397.19 3 1
github.com/visionik/sog/internal/imap/client.go:397.19,399.6 1 1
github.com/visionik/sog/internal/imap/client.go:401.17,402.25 1 1
github.com/visionik/sog/internal/imap/client.go:402.25,405.19 3 1
github.com/visionik/sog/internal/imap/client.go:405.19,407.6 1 1
github.com/visionik/sog/internal/imap/client.go:409.11,411.52 1 1
github.com/visionik/sog/internal/imap/client.go:415.2,415.22 1 1
github.com/visionik/sog/internal/imap/client.go:419.45,428.33 2 1
github.com/visionik/sog/internal/imap/client.go:428.33,429.50 1 1
github.com/visionik/sog/internal/imap/client.go:429.50,431.4 1 1
github.com/visionik/sog/internal/imap/client.go:434.2,434.63 1 1
github.com/visionik/sog/internal/imap/client.go:439.84,442.16 2 0
github.com/visionik/sog/internal/imap/client.go:442.16,444.3 1 0
github.com/visionik/sog/internal/imap/client.go:446.2,452.16 5 0
github.com/visionik/sog/internal/imap/client.go:452.16,454.3 1 0
github.com/visionik/sog/internal/imap/client.go:456.2,456.12 1 0
github.com/visionik/sog/internal/imap/client.go:460.84,463.16 2 0
github.com/visionik/sog/internal/imap/client.go:463.16,465.3 1 0
github.com/visionik/sog/internal/imap/client.go:467.2,472.16 5 0
github.com/visionik/sog/internal/imap/client.go:472.16,474.3 1 0
github.com/visionik/sog/internal/imap/client.go:476.2,476.12 1 0
github.com/visionik/sog/internal/imap/client.go:480.82,483.16 2 0
github.com/visionik/sog/internal/imap/client.go:483.16,485.3 1 0
github.com/visionik/sog/internal/imap/client.go:487.2,492.31 4 0
github.com/visionik/sog/internal/imap/client.go:493.22,494.27 1 0
github.com/visionik/sog/internal/imap/client.go:495.28,496.30 1 0
github.com/visionik/sog/internal/imap/client.go:497.29,498.31 1 0
github.com/visionik/sog/internal/imap/client.go:499.17,500.30 1 0
github.com/visionik/sog/internal/imap/client.go:501.15,502.28 1 0
github.com/visionik/sog/internal/imap/client.go:503.10,504.46 1 0
github.com/visionik/sog/internal/imap/client.go:507.2,508.10 2 0
github.com/visionik/sog/internal/imap/client.go:508.10,510.3 1 0
github.com/visionik/sog/internal/imap/client.go:512.2,519.41 3 0
github.com/visionik/sog/internal/imap/client.go:519.41,521.3 1 0
github.com/visionik/sog/internal/imap/client.go:523.2,523.12 1 0
github.com/visionik/sog/internal/imap/client.go:527.65,528.64 1 0
github.com/visionik/sog/internal/imap/client.go:528.64,530.3 1 0
github.com/visionik/sog/internal/imap/client.go:533.2,534.43 2 0
github.com/visionik/sog/internal/imap/client.go:534.43,536.3 1 0
github.com/visionik/sog/internal/imap/client.go:538.2,538.12 1 0
github.com/visionik/sog/internal/imap/client.go:542.50,544.41 2 1
github.com/visionik/sog/internal/imap/client.go:544.41,546.3 1 0
github.com/visionik/sog/internal/imap/client.go:547.2,547.12 1 1
github.com/visionik/sog/internal/imap/client.go:551.50,553.41 2 1
github.com/visionik/sog/internal/imap/client.go:553.41,555.3 1 0
github.com/visionik/sog/internal/imap/client.go:556.2,556.12 1 1
github.com/visionik/sog/internal/imap/client.go:560.62,562.41 2 1
github.com/visionik/sog/internal/imap/client.go:562.41,564.3 1 0
github.com/visionik/sog/internal/imap/client.go:565.2,565.12 1 1
github.com/visionik/sog/internal/imap/client.go:570.58,574.18 3 0
github.com/visionik/sog/internal/imap/client.go:574.18,576.3 1 0
github.com/visionik/sog/internal/imap/client.go:577.2,590.53 8 0
github.com/visionik/sog/internal/imap/client.go:590.53,592.3 1 0
github.com/visionik/sog/internal/imap/client.go:594.2,594.42 1 0
github.com/visionik/sog/internal/imap/client.go:594.42,596.3 1 0
github.com/visionik/sog/internal/imap/client.go:598.2,599.16 2 0
github.com/visionik/sog/internal/imap/client.go:599.16,601.3 1 0
github.com/visionik/sog/internal/imap/client.go:603.2,603.19 1 0
github.com/visionik/sog/internal/imap/client.go:603.19,605.3 1 0
github.com/visionik/sog/internal/imap/client.go:607.2,607.15 1 0
github.com/visionik/sog/internal/imap/client.go:611.57,613.2 1 0
github.com/visionik/sog/internal/imap/client.go:616.48,618.2 1 0
github.com/visionik/sog/internal/imap/client.go:624.76,627.16 2 0
github.com/visionik/sog/internal/imap/client.go:627.16,629.3 1 0
github.com/visionik/sog/internal/imap/client.go:631.2,633.6 2 0
github.com/visionik/sog/internal/imap/client.go:633.6,636.17 2 0
github.com/visionik/sog/internal/imap/client.go:636.17,638.4 1 0
github.com/visionik/sog/internal/imap/client.go:641.3,642.17 2 0
github.com/visionik/sog/internal/imap/client.go:642.17,645.4 2 0
github.com/visionik/sog/internal/imap/client.go:647.3,653.17 3 0
github.com/visionik/sog/internal/imap/client.go:653.17,655.4 1 0
github.com/visionik/sog/internal/imap/client.go:657.3,657.67 1 0
github.com/visionik/sog/internal/imap/client.go:657.67,658.23 1 0
github.com/visionik/sog/internal/imap/client.go:658.23,660.5 1 0
github.com/visionik/sog/internal/imap/client.go:661.4,661.35 1 0
